The system is: Linux - 3.10.0-1062.9.1.el7.x86_64 - x86_64
Compiling the C compiler identification source file "CMakeCCompilerId.c" succeeded.
Compiler: /apps/software/GCCcore/7.3.0/bin/cc 
Build flags: 
Id flags:  

The output was:
0


Compilation of the C compiler identification source "CMakeCCompilerId.c" produced "a.out"

The C compiler identification is GNU, found in "/scratch/s309876/individualProject/HeatEquation3D/CMakeFiles/3.12.1/CompilerIdC/a.out"

Compiling the CXX compiler identification source file "CMakeCXXCompilerId.cpp" succeeded.
Compiler: /apps/software/GCCcore/7.3.0/bin/c++ 
Build flags: 
Id flags:  

The output was:
0


Compilation of the CXX compiler identification source "CMakeCXXCompilerId.cpp" produced "a.out"

The CXX compiler identification is GNU, found in "/scratch/s309876/individualProject/HeatEquation3D/CMakeFiles/3.12.1/CompilerIdCXX/a.out"

Determining if the C compiler works passed with the following output:
Change Dir: /scratch/s309876/individualProject/HeatEquation3D/CMakeFiles/CMakeTmp

Run Build Command:"/usr/bin/gmake" "cmTC_fb974/fast"
/usr/bin/gmake -f CMakeFiles/cmTC_fb974.dir/build.make CMakeFiles/cmTC_fb974.dir/build
gmake[1]: Entering directory `/scratch/s309876/individualProject/HeatEquation3D/CMakeFiles/CMakeTmp'
Building C object CMakeFiles/cmTC_fb974.dir/testCCompiler.c.o
/apps/software/GCCcore/7.3.0/bin/cc    -o CMakeFiles/cmTC_fb974.dir/testCCompiler.c.o   -c /scratch/s309876/individualProject/HeatEquation3D/CMakeFiles/CMakeTmp/testCCompiler.c
Linking C executable cmTC_fb974
/apps/software/CMake/3.12.1-GCCcore-7.3.0/bin/cmake -E cmake_link_script CMakeFiles/cmTC_fb974.dir/link.txt --verbose=1
/apps/software/GCCcore/7.3.0/bin/cc      -rdynamic CMakeFiles/cmTC_fb974.dir/testCCompiler.c.o  -o cmTC_fb974 
gmake[1]: Leaving directory `/scratch/s309876/individualProject/HeatEquation3D/CMakeFiles/CMakeTmp'


Detecting C compiler ABI info compiled with the following output:
Change Dir: /scratch/s309876/individualProject/HeatEquation3D/CMakeFiles/CMakeTmp

Run Build Command:"/usr/bin/gmake" "cmTC_f3b03/fast"
/usr/bin/gmake -f CMakeFiles/cmTC_f3b03.dir/build.make CMakeFiles/cmTC_f3b03.dir/build
gmake[1]: Entering directory `/scratch/s309876/individualProject/HeatEquation3D/CMakeFiles/CMakeTmp'
Building C object CMakeFiles/cmTC_f3b03.dir/CMakeCCompilerABI.c.o
/apps/software/GCCcore/7.3.0/bin/cc    -o CMakeFiles/cmTC_f3b03.dir/CMakeCCompilerABI.c.o   -c /apps/software/CMake/3.12.1-GCCcore-7.3.0/share/cmake-3.12/Modules/CMakeCCompilerABI.c
Linking C executable cmTC_f3b03
/apps/software/CMake/3.12.1-GCCcore-7.3.0/bin/cmake -E cmake_link_script CMakeFiles/cmTC_f3b03.dir/link.txt --verbose=1
/apps/software/GCCcore/7.3.0/bin/cc     -v -rdynamic CMakeFiles/cmTC_f3b03.dir/CMakeCCompilerABI.c.o  -o cmTC_f3b03 
Using built-in specs.
COLLECT_GCC=/apps/software/GCCcore/7.3.0/bin/cc
COLLECT_LTO_WRAPPER=/apps/software/GCCcore/7.3.0/libexec/gcc/x86_64-pc-linux-gnu/7.3.0/lto-wrapper
Target: x86_64-pc-linux-gnu
Configured with: ../configure --enable-languages=c,c++,fortran --enable-lto --enable-checking=release --disable-multilib --enable-shared=yes --enable-static=yes --enable-threads=posix --enable-gold=default --enable-plugins --enable-ld --with-plugin-ld=ld.gold --prefix=/apps/software/GCCcore/7.3.0 --with-local-prefix=/apps/software/GCCcore/7.3.0 --enable-bootstrap --with-isl=/apps/build/GCCcore/7.3.0/dummy-/gcc-7.3.0/stage2_stuff
Thread model: posix
gcc version 7.3.0 (GCC) 
COMPILER_PATH=/apps/software/GCCcore/7.3.0/libexec/gcc/x86_64-pc-linux-gnu/7.3.0/:/apps/software/GCCcore/7.3.0/libexec/gcc/x86_64-pc-linux-gnu/7.3.0/:/apps/software/GCCcore/7.3.0/libexec/gcc/x86_64-pc-linux-gnu/:/apps/software/GCCcore/7.3.0/lib/gcc/x86_64-pc-linux-gnu/7.3.0/:/apps/software/GCCcore/7.3.0/lib/gcc/x86_64-pc-linux-gnu/
LIBRARY_PATH=/apps/software/CUDA/9.2.88-GCC-7.3.0-2.30/lib64/../lib64/:/apps/software/GCCcore/7.3.0/lib64/../lib64/:/apps/software/GCCcore/7.3.0/lib/../lib64/:/apps/software/GCCcore/7.3.0/lib/gcc/x86_64-pc-linux-gnu/7.3.0/:/apps/software/GCCcore/7.3.0/lib/gcc/x86_64-pc-linux-gnu/7.3.0/../../../../lib64/:/lib/../lib64/:/usr/lib/../lib64/:/apps/software/cURL/7.60.0-GCCcore-7.3.0/lib/:/apps/software/bzip2/1.0.6-GCCcore-7.3.0/lib/:/apps/software/ncurses/6.1-GCCcore-7.3.0/lib/:/apps/software/ScaLAPACK/2.0.2-gompic-2018b-OpenBLAS-0.3.1/lib/:/apps/software/FFTW/3.3.8-gompic-2018b/lib/:/apps/software/OpenBLAS/0.3.1-GCC-7.3.0-2.30/lib/:/apps/software/OpenMPI/3.1.1-gcccuda-2018b/lib/:/apps/software/hwloc/1.11.10-GCCcore-7.3.0/lib/:/apps/software/numactl/2.0.11-GCCcore-7.3.0/lib/:/apps/software/zlib/1.2.11-GCCcore-7.3.0/lib/:/apps/software/CUDA/9.2.88-GCC-7.3.0-2.30/lib64/stubs/:/apps/software/CUDA/9.2.88-GCC-7.3.0-2.30/lib64/:/apps/software/binutils/2.30-GCCcore-7.3.0/lib/:/apps/software/GCCcore/7.3.0/lib64/:/apps/software/GCCcore/7.3.0/lib/:/apps/software/imkl/2019.1.144-iimpi-2019a/mkl/lib/intel64/:/apps/software/imkl/2019.1.144-iimpi-2019a/lib/intel64/:/apps/software/impi/2018.4.274-iccifort-2019.1.144-GCC-8.2.0-2.31.1/lib64/:/apps/software/ifort/2019.1.144-GCC-8.2.0-2.31.1/compilers_and_libraries_2019.1.144/linux/compiler/lib/intel64/:/apps/software/icc/2019.1.144-GCC-8.2.0-2.31.1/compilers_and_libraries_2019.1.144/linux/tbb/lib/intel64/gcc4.4/:/apps/software/icc/2019.1.144-GCC-8.2.0-2.31.1/compilers_and_libraries_2019.1.144/linux/compiler/lib/intel64/:/apps/software/GCCcore/7.3.0/lib/gcc/x86_64-pc-linux-gnu/7.3.0/../../../:/lib/:/usr/lib/
COLLECT_GCC_OPTIONS='-v' '-rdynamic' '-o' 'cmTC_f3b03' '-mtune=generic' '-march=x86-64'
 /apps/software/GCCcore/7.3.0/libexec/gcc/x86_64-pc-linux-gnu/7.3.0/collect2 -plugin /apps/software/GCCcore/7.3.0/libexec/gcc/x86_64-pc-linux-gnu/7.3.0/liblto_plugin.so -plugin-opt=/apps/software/GCCcore/7.3.0/libexec/gcc/x86_64-pc-linux-gnu/7.3.0/lto-wrapper -plugin-opt=-fresolution=/tmp/ccWHz8TG.res -plugin-opt=-pass-through=-lgcc -plugin-opt=-pass-through=-lgcc_s -plugin-opt=-pass-through=-lc -plugin-opt=-pass-through=-lgcc -plugin-opt=-pass-through=-lgcc_s --eh-frame-hdr -m elf_x86_64 -export-dynamic -dynamic-linker /lib64/ld-linux-x86-64.so.2 -o cmTC_f3b03 /lib/../lib64/crt1.o /lib/../lib64/crti.o /apps/software/GCCcore/7.3.0/lib/gcc/x86_64-pc-linux-gnu/7.3.0/crtbegin.o -L/apps/software/CUDA/9.2.88-GCC-7.3.0-2.30/lib64/../lib64 -L/apps/software/GCCcore/7.3.0/lib64/../lib64 -L/apps/software/GCCcore/7.3.0/lib/../lib64 -L/apps/software/GCCcore/7.3.0/lib/gcc/x86_64-pc-linux-gnu/7.3.0 -L/apps/software/GCCcore/7.3.0/lib/gcc/x86_64-pc-linux-gnu/7.3.0/../../../../lib64 -L/lib/../lib64 -L/usr/lib/../lib64 -L/apps/software/cURL/7.60.0-GCCcore-7.3.0/lib -L/apps/software/bzip2/1.0.6-GCCcore-7.3.0/lib -L/apps/software/ncurses/6.1-GCCcore-7.3.0/lib -L/apps/software/ScaLAPACK/2.0.2-gompic-2018b-OpenBLAS-0.3.1/lib -L/apps/software/FFTW/3.3.8-gompic-2018b/lib -L/apps/software/OpenBLAS/0.3.1-GCC-7.3.0-2.30/lib -L/apps/software/OpenMPI/3.1.1-gcccuda-2018b/lib -L/apps/software/hwloc/1.11.10-GCCcore-7.3.0/lib -L/apps/software/numactl/2.0.11-GCCcore-7.3.0/lib -L/apps/software/zlib/1.2.11-GCCcore-7.3.0/lib -L/apps/software/CUDA/9.2.88-GCC-7.3.0-2.30/lib64/stubs -L/apps/software/CUDA/9.2.88-GCC-7.3.0-2.30/lib64 -L/apps/software/binutils/2.30-GCCcore-7.3.0/lib -L/apps/software/GCCcore/7.3.0/lib64 -L/apps/software/GCCcore/7.3.0/lib -L/apps/software/imkl/2019.1.144-iimpi-2019a/mkl/lib/intel64 -L/apps/software/imkl/2019.1.144-iimpi-2019a/lib/intel64 -L/apps/software/impi/2018.4.274-iccifort-2019.1.144-GCC-8.2.0-2.31.1/lib64 -L/apps/software/ifort/2019.1.144-GCC-8.2.0-2.31.1/compilers_and_libraries_2019.1.144/linux/compiler/lib/intel64 -L/apps/software/icc/2019.1.144-GCC-8.2.0-2.31.1/compilers_and_libraries_2019.1.144/linux/tbb/lib/intel64/gcc4.4 -L/apps/software/icc/2019.1.144-GCC-8.2.0-2.31.1/compilers_and_libraries_2019.1.144/linux/compiler/lib/intel64 -L/apps/software/GCCcore/7.3.0/lib/gcc/x86_64-pc-linux-gnu/7.3.0/../../.. CMakeFiles/cmTC_f3b03.dir/CMakeCCompilerABI.c.o -lgcc --as-needed -lgcc_s --no-as-needed -lc -lgcc --as-needed -lgcc_s --no-as-needed /apps/software/GCCcore/7.3.0/lib/gcc/x86_64-pc-linux-gnu/7.3.0/crtend.o /lib/../lib64/crtn.o
COLLECT_GCC_OPTIONS='-v' '-rdynamic' '-o' 'cmTC_f3b03' '-mtune=generic' '-march=x86-64'
gmake[1]: Leaving directory `/scratch/s309876/individualProject/HeatEquation3D/CMakeFiles/CMakeTmp'


Parsed C implicit link information from above output:
  link line regex: [^( *|.*[/\])(ld|CMAKE_LINK_STARTFILE-NOTFOUND|([^/\]+-)?ld|collect2)[^/\]*( |$)]
  ignore line: [Change Dir: /scratch/s309876/individualProject/HeatEquation3D/CMakeFiles/CMakeTmp]
  ignore line: []
  ignore line: [Run Build Command:"/usr/bin/gmake" "cmTC_f3b03/fast"]
  ignore line: [/usr/bin/gmake -f CMakeFiles/cmTC_f3b03.dir/build.make CMakeFiles/cmTC_f3b03.dir/build]
  ignore line: [gmake[1]: Entering directory `/scratch/s309876/individualProject/HeatEquation3D/CMakeFiles/CMakeTmp']
  ignore line: [Building C object CMakeFiles/cmTC_f3b03.dir/CMakeCCompilerABI.c.o]
  ignore line: [/apps/software/GCCcore/7.3.0/bin/cc    -o CMakeFiles/cmTC_f3b03.dir/CMakeCCompilerABI.c.o   -c /apps/software/CMake/3.12.1-GCCcore-7.3.0/share/cmake-3.12/Modules/CMakeCCompilerABI.c]
  ignore line: [Linking C executable cmTC_f3b03]
  ignore line: [/apps/software/CMake/3.12.1-GCCcore-7.3.0/bin/cmake -E cmake_link_script CMakeFiles/cmTC_f3b03.dir/link.txt --verbose=1]
  ignore line: [/apps/software/GCCcore/7.3.0/bin/cc     -v -rdynamic CMakeFiles/cmTC_f3b03.dir/CMakeCCompilerABI.c.o  -o cmTC_f3b03 ]
  ignore line: [Using built-in specs.]
  ignore line: [COLLECT_GCC=/apps/software/GCCcore/7.3.0/bin/cc]
  ignore line: [COLLECT_LTO_WRAPPER=/apps/software/GCCcore/7.3.0/libexec/gcc/x86_64-pc-linux-gnu/7.3.0/lto-wrapper]
  ignore line: [Target: x86_64-pc-linux-gnu]
  ignore line: [Configured with: ../configure --enable-languages=c,c++,fortran --enable-lto --enable-checking=release --disable-multilib --enable-shared=yes --enable-static=yes --enable-threads=posix --enable-gold=default --enable-plugins --enable-ld --with-plugin-ld=ld.gold --prefix=/apps/software/GCCcore/7.3.0 --with-local-prefix=/apps/software/GCCcore/7.3.0 --enable-bootstrap --with-isl=/apps/build/GCCcore/7.3.0/dummy-/gcc-7.3.0/stage2_stuff]
  ignore line: [Thread model: posix]
  ignore line: [gcc version 7.3.0 (GCC) ]
  ignore line: [COMPILER_PATH=/apps/software/GCCcore/7.3.0/libexec/gcc/x86_64-pc-linux-gnu/7.3.0/:/apps/software/GCCcore/7.3.0/libexec/gcc/x86_64-pc-linux-gnu/7.3.0/:/apps/software/GCCcore/7.3.0/libexec/gcc/x86_64-pc-linux-gnu/:/apps/software/GCCcore/7.3.0/lib/gcc/x86_64-pc-linux-gnu/7.3.0/:/apps/software/GCCcore/7.3.0/lib/gcc/x86_64-pc-linux-gnu/]
  ignore line: [LIBRARY_PATH=/apps/software/CUDA/9.2.88-GCC-7.3.0-2.30/lib64/../lib64/:/apps/software/GCCcore/7.3.0/lib64/../lib64/:/apps/software/GCCcore/7.3.0/lib/../lib64/:/apps/software/GCCcore/7.3.0/lib/gcc/x86_64-pc-linux-gnu/7.3.0/:/apps/software/GCCcore/7.3.0/lib/gcc/x86_64-pc-linux-gnu/7.3.0/../../../../lib64/:/lib/../lib64/:/usr/lib/../lib64/:/apps/software/cURL/7.60.0-GCCcore-7.3.0/lib/:/apps/software/bzip2/1.0.6-GCCcore-7.3.0/lib/:/apps/software/ncurses/6.1-GCCcore-7.3.0/lib/:/apps/software/ScaLAPACK/2.0.2-gompic-2018b-OpenBLAS-0.3.1/lib/:/apps/software/FFTW/3.3.8-gompic-2018b/lib/:/apps/software/OpenBLAS/0.3.1-GCC-7.3.0-2.30/lib/:/apps/software/OpenMPI/3.1.1-gcccuda-2018b/lib/:/apps/software/hwloc/1.11.10-GCCcore-7.3.0/lib/:/apps/software/numactl/2.0.11-GCCcore-7.3.0/lib/:/apps/software/zlib/1.2.11-GCCcore-7.3.0/lib/:/apps/software/CUDA/9.2.88-GCC-7.3.0-2.30/lib64/stubs/:/apps/software/CUDA/9.2.88-GCC-7.3.0-2.30/lib64/:/apps/software/binutils/2.30-GCCcore-7.3.0/lib/:/apps/software/GCCcore/7.3.0/lib64/:/apps/software/GCCcore/7.3.0/lib/:/apps/software/imkl/2019.1.144-iimpi-2019a/mkl/lib/intel64/:/apps/software/imkl/2019.1.144-iimpi-2019a/lib/intel64/:/apps/software/impi/2018.4.274-iccifort-2019.1.144-GCC-8.2.0-2.31.1/lib64/:/apps/software/ifort/2019.1.144-GCC-8.2.0-2.31.1/compilers_and_libraries_2019.1.144/linux/compiler/lib/intel64/:/apps/software/icc/2019.1.144-GCC-8.2.0-2.31.1/compilers_and_libraries_2019.1.144/linux/tbb/lib/intel64/gcc4.4/:/apps/software/icc/2019.1.144-GCC-8.2.0-2.31.1/compilers_and_libraries_2019.1.144/linux/compiler/lib/intel64/:/apps/software/GCCcore/7.3.0/lib/gcc/x86_64-pc-linux-gnu/7.3.0/../../../:/lib/:/usr/lib/]
  ignore line: [COLLECT_GCC_OPTIONS='-v' '-rdynamic' '-o' 'cmTC_f3b03' '-mtune=generic' '-march=x86-64']
  link line: [ /apps/software/GCCcore/7.3.0/libexec/gcc/x86_64-pc-linux-gnu/7.3.0/collect2 -plugin /apps/software/GCCcore/7.3.0/libexec/gcc/x86_64-pc-linux-gnu/7.3.0/liblto_plugin.so -plugin-opt=/apps/software/GCCcore/7.3.0/libexec/gcc/x86_64-pc-linux-gnu/7.3.0/lto-wrapper -plugin-opt=-fresolution=/tmp/ccWHz8TG.res -plugin-opt=-pass-through=-lgcc -plugin-opt=-pass-through=-lgcc_s -plugin-opt=-pass-through=-lc -plugin-opt=-pass-through=-lgcc -plugin-opt=-pass-through=-lgcc_s --eh-frame-hdr -m elf_x86_64 -export-dynamic -dynamic-linker /lib64/ld-linux-x86-64.so.2 -o cmTC_f3b03 /lib/../lib64/crt1.o /lib/../lib64/crti.o /apps/software/GCCcore/7.3.0/lib/gcc/x86_64-pc-linux-gnu/7.3.0/crtbegin.o -L/apps/software/CUDA/9.2.88-GCC-7.3.0-2.30/lib64/../lib64 -L/apps/software/GCCcore/7.3.0/lib64/../lib64 -L/apps/software/GCCcore/7.3.0/lib/../lib64 -L/apps/software/GCCcore/7.3.0/lib/gcc/x86_64-pc-linux-gnu/7.3.0 -L/apps/software/GCCcore/7.3.0/lib/gcc/x86_64-pc-linux-gnu/7.3.0/../../../../lib64 -L/lib/../lib64 -L/usr/lib/../lib64 -L/apps/software/cURL/7.60.0-GCCcore-7.3.0/lib -L/apps/software/bzip2/1.0.6-GCCcore-7.3.0/lib -L/apps/software/ncurses/6.1-GCCcore-7.3.0/lib -L/apps/software/ScaLAPACK/2.0.2-gompic-2018b-OpenBLAS-0.3.1/lib -L/apps/software/FFTW/3.3.8-gompic-2018b/lib -L/apps/software/OpenBLAS/0.3.1-GCC-7.3.0-2.30/lib -L/apps/software/OpenMPI/3.1.1-gcccuda-2018b/lib -L/apps/software/hwloc/1.11.10-GCCcore-7.3.0/lib -L/apps/software/numactl/2.0.11-GCCcore-7.3.0/lib -L/apps/software/zlib/1.2.11-GCCcore-7.3.0/lib -L/apps/software/CUDA/9.2.88-GCC-7.3.0-2.30/lib64/stubs -L/apps/software/CUDA/9.2.88-GCC-7.3.0-2.30/lib64 -L/apps/software/binutils/2.30-GCCcore-7.3.0/lib -L/apps/software/GCCcore/7.3.0/lib64 -L/apps/software/GCCcore/7.3.0/lib -L/apps/software/imkl/2019.1.144-iimpi-2019a/mkl/lib/intel64 -L/apps/software/imkl/2019.1.144-iimpi-2019a/lib/intel64 -L/apps/software/impi/2018.4.274-iccifort-2019.1.144-GCC-8.2.0-2.31.1/lib64 -L/apps/software/ifort/2019.1.144-GCC-8.2.0-2.31.1/compilers_and_libraries_2019.1.144/linux/compiler/lib/intel64 -L/apps/software/icc/2019.1.144-GCC-8.2.0-2.31.1/compilers_and_libraries_2019.1.144/linux/tbb/lib/intel64/gcc4.4 -L/apps/software/icc/2019.1.144-GCC-8.2.0-2.31.1/compilers_and_libraries_2019.1.144/linux/compiler/lib/intel64 -L/apps/software/GCCcore/7.3.0/lib/gcc/x86_64-pc-linux-gnu/7.3.0/../../.. CMakeFiles/cmTC_f3b03.dir/CMakeCCompilerABI.c.o -lgcc --as-needed -lgcc_s --no-as-needed -lc -lgcc --as-needed -lgcc_s --no-as-needed /apps/software/GCCcore/7.3.0/lib/gcc/x86_64-pc-linux-gnu/7.3.0/crtend.o /lib/../lib64/crtn.o]
    arg [/apps/software/GCCcore/7.3.0/libexec/gcc/x86_64-pc-linux-gnu/7.3.0/collect2] ==> ignore
    arg [-plugin] ==> ignore
    arg [/apps/software/GCCcore/7.3.0/libexec/gcc/x86_64-pc-linux-gnu/7.3.0/liblto_plugin.so] ==> ignore
    arg [-plugin-opt=/apps/software/GCCcore/7.3.0/libexec/gcc/x86_64-pc-linux-gnu/7.3.0/lto-wrapper] ==> ignore
    arg [-plugin-opt=-fresolution=/tmp/ccWHz8TG.res] ==> ignore
    arg [-plugin-opt=-pass-through=-lgcc] ==> ignore
    arg [-plugin-opt=-pass-through=-lgcc_s] ==> ignore
    arg [-plugin-opt=-pass-through=-lc] ==> ignore
    arg [-plugin-opt=-pass-through=-lgcc] ==> ignore
    arg [-plugin-opt=-pass-through=-lgcc_s] ==> ignore
    arg [--eh-frame-hdr] ==> ignore
    arg [-m] ==> ignore
    arg [elf_x86_64] ==> ignore
    arg [-export-dynamic] ==> ignore
    arg [-dynamic-linker] ==> ignore
    arg [/lib64/ld-linux-x86-64.so.2] ==> ignore
    arg [-o] ==> ignore
    arg [cmTC_f3b03] ==> ignore
    arg [/lib/../lib64/crt1.o] ==> ignore
    arg [/lib/../lib64/crti.o] ==> ignore
    arg [/apps/software/GCCcore/7.3.0/lib/gcc/x86_64-pc-linux-gnu/7.3.0/crtbegin.o] ==> ignore
    arg [-L/apps/software/CUDA/9.2.88-GCC-7.3.0-2.30/lib64/../lib64] ==> dir [/apps/software/CUDA/9.2.88-GCC-7.3.0-2.30/lib64/../lib64]
    arg [-L/apps/software/GCCcore/7.3.0/lib64/../lib64] ==> dir [/apps/software/GCCcore/7.3.0/lib64/../lib64]
    arg [-L/apps/software/GCCcore/7.3.0/lib/../lib64] ==> dir [/apps/software/GCCcore/7.3.0/lib/../lib64]
    arg [-L/apps/software/GCCcore/7.3.0/lib/gcc/x86_64-pc-linux-gnu/7.3.0] ==> dir [/apps/software/GCCcore/7.3.0/lib/gcc/x86_64-pc-linux-gnu/7.3.0]
    arg [-L/apps/software/GCCcore/7.3.0/lib/gcc/x86_64-pc-linux-gnu/7.3.0/../../../../lib64] ==> dir [/apps/software/GCCcore/7.3.0/lib/gcc/x86_64-pc-linux-gnu/7.3.0/../../../../lib64]
    arg [-L/lib/../lib64] ==> dir [/lib/../lib64]
    arg [-L/usr/lib/../lib64] ==> dir [/usr/lib/../lib64]
    arg [-L/apps/software/cURL/7.60.0-GCCcore-7.3.0/lib] ==> dir [/apps/software/cURL/7.60.0-GCCcore-7.3.0/lib]
    arg [-L/apps/software/bzip2/1.0.6-GCCcore-7.3.0/lib] ==> dir [/apps/software/bzip2/1.0.6-GCCcore-7.3.0/lib]
    arg [-L/apps/software/ncurses/6.1-GCCcore-7.3.0/lib] ==> dir [/apps/software/ncurses/6.1-GCCcore-7.3.0/lib]
    arg [-L/apps/software/ScaLAPACK/2.0.2-gompic-2018b-OpenBLAS-0.3.1/lib] ==> dir [/apps/software/ScaLAPACK/2.0.2-gompic-2018b-OpenBLAS-0.3.1/lib]
    arg [-L/apps/software/FFTW/3.3.8-gompic-2018b/lib] ==> dir [/apps/software/FFTW/3.3.8-gompic-2018b/lib]
    arg [-L/apps/software/OpenBLAS/0.3.1-GCC-7.3.0-2.30/lib] ==> dir [/apps/software/OpenBLAS/0.3.1-GCC-7.3.0-2.30/lib]
    arg [-L/apps/software/OpenMPI/3.1.1-gcccuda-2018b/lib] ==> dir [/apps/software/OpenMPI/3.1.1-gcccuda-2018b/lib]
    arg [-L/apps/software/hwloc/1.11.10-GCCcore-7.3.0/lib] ==> dir [/apps/software/hwloc/1.11.10-GCCcore-7.3.0/lib]
    arg [-L/apps/software/numactl/2.0.11-GCCcore-7.3.0/lib] ==> dir [/apps/software/numactl/2.0.11-GCCcore-7.3.0/lib]
    arg [-L/apps/software/zlib/1.2.11-GCCcore-7.3.0/lib] ==> dir [/apps/software/zlib/1.2.11-GCCcore-7.3.0/lib]
    arg [-L/apps/software/CUDA/9.2.88-GCC-7.3.0-2.30/lib64/stubs] ==> dir [/apps/software/CUDA/9.2.88-GCC-7.3.0-2.30/lib64/stubs]
    arg [-L/apps/software/CUDA/9.2.88-GCC-7.3.0-2.30/lib64] ==> dir [/apps/software/CUDA/9.2.88-GCC-7.3.0-2.30/lib64]
    arg [-L/apps/software/binutils/2.30-GCCcore-7.3.0/lib] ==> dir [/apps/software/binutils/2.30-GCCcore-7.3.0/lib]
    arg [-L/apps/software/GCCcore/7.3.0/lib64] ==> dir [/apps/software/GCCcore/7.3.0/lib64]
    arg [-L/apps/software/GCCcore/7.3.0/lib] ==> dir [/apps/software/GCCcore/7.3.0/lib]
    arg [-L/apps/software/imkl/2019.1.144-iimpi-2019a/mkl/lib/intel64] ==> dir [/apps/software/imkl/2019.1.144-iimpi-2019a/mkl/lib/intel64]
    arg [-L/apps/software/imkl/2019.1.144-iimpi-2019a/lib/intel64] ==> dir [/apps/software/imkl/2019.1.144-iimpi-2019a/lib/intel64]
    arg [-L/apps/software/impi/2018.4.274-iccifort-2019.1.144-GCC-8.2.0-2.31.1/lib64] ==> dir [/apps/software/impi/2018.4.274-iccifort-2019.1.144-GCC-8.2.0-2.31.1/lib64]
    arg [-L/apps/software/ifort/2019.1.144-GCC-8.2.0-2.31.1/compilers_and_libraries_2019.1.144/linux/compiler/lib/intel64] ==> dir [/apps/software/ifort/2019.1.144-GCC-8.2.0-2.31.1/compilers_and_libraries_2019.1.144/linux/compiler/lib/intel64]
    arg [-L/apps/software/icc/2019.1.144-GCC-8.2.0-2.31.1/compilers_and_libraries_2019.1.144/linux/tbb/lib/intel64/gcc4.4] ==> dir [/apps/software/icc/2019.1.144-GCC-8.2.0-2.31.1/compilers_and_libraries_2019.1.144/linux/tbb/lib/intel64/gcc4.4]
    arg [-L/apps/software/icc/2019.1.144-GCC-8.2.0-2.31.1/compilers_and_libraries_2019.1.144/linux/compiler/lib/intel64] ==> dir [/apps/software/icc/2019.1.144-GCC-8.2.0-2.31.1/compilers_and_libraries_2019.1.144/linux/compiler/lib/intel64]
    arg [-L/apps/software/GCCcore/7.3.0/lib/gcc/x86_64-pc-linux-gnu/7.3.0/../../..] ==> dir [/apps/software/GCCcore/7.3.0/lib/gcc/x86_64-pc-linux-gnu/7.3.0/../../..]
    arg [CMakeFiles/cmTC_f3b03.dir/CMakeCCompilerABI.c.o] ==> ignore
    arg [-lgcc] ==> lib [gcc]
    arg [--as-needed] ==> ignore
    arg [-lgcc_s] ==> lib [gcc_s]
    arg [--no-as-needed] ==> ignore
    arg [-lc] ==> lib [c]
    arg [-lgcc] ==> lib [gcc]
    arg [--as-needed] ==> ignore
    arg [-lgcc_s] ==> lib [gcc_s]
    arg [--no-as-needed] ==> ignore
    arg [/apps/software/GCCcore/7.3.0/lib/gcc/x86_64-pc-linux-gnu/7.3.0/crtend.o] ==> ignore
    arg [/lib/../lib64/crtn.o] ==> ignore
  collapse library dir [/apps/software/CUDA/9.2.88-GCC-7.3.0-2.30/lib64/../lib64] ==> [/apps/software/CUDA/9.2.88-GCC-7.3.0-2.30/lib64]
  collapse library dir [/apps/software/GCCcore/7.3.0/lib64/../lib64] ==> [/apps/software/GCCcore/7.3.0/lib64]
  collapse library dir [/apps/software/GCCcore/7.3.0/lib/../lib64] ==> [/apps/software/GCCcore/7.3.0/lib64]
  collapse library dir [/apps/software/GCCcore/7.3.0/lib/gcc/x86_64-pc-linux-gnu/7.3.0] ==> [/apps/software/GCCcore/7.3.0/lib/gcc/x86_64-pc-linux-gnu/7.3.0]
  collapse library dir [/apps/software/GCCcore/7.3.0/lib/gcc/x86_64-pc-linux-gnu/7.3.0/../../../../lib64] ==> [/apps/software/GCCcore/7.3.0/lib64]
  collapse library dir [/lib/../lib64] ==> [/lib64]
  collapse library dir [/usr/lib/../lib64] ==> [/usr/lib64]
  collapse library dir [/apps/software/cURL/7.60.0-GCCcore-7.3.0/lib] ==> [/apps/software/cURL/7.60.0-GCCcore-7.3.0/lib]
  collapse library dir [/apps/software/bzip2/1.0.6-GCCcore-7.3.0/lib] ==> [/apps/software/bzip2/1.0.6-GCCcore-7.3.0/lib]
  collapse library dir [/apps/software/ncurses/6.1-GCCcore-7.3.0/lib] ==> [/apps/software/ncurses/6.1-GCCcore-7.3.0/lib]
  collapse library dir [/apps/software/ScaLAPACK/2.0.2-gompic-2018b-OpenBLAS-0.3.1/lib] ==> [/apps/software/ScaLAPACK/2.0.2-gompic-2018b-OpenBLAS-0.3.1/lib]
  collapse library dir [/apps/software/FFTW/3.3.8-gompic-2018b/lib] ==> [/apps/software/FFTW/3.3.8-gompic-2018b/lib]
  collapse library dir [/apps/software/OpenBLAS/0.3.1-GCC-7.3.0-2.30/lib] ==> [/apps/software/OpenBLAS/0.3.1-GCC-7.3.0-2.30/lib]
  collapse library dir [/apps/software/OpenMPI/3.1.1-gcccuda-2018b/lib] ==> [/apps/software/OpenMPI/3.1.1-gcccuda-2018b/lib]
  collapse library dir [/apps/software/hwloc/1.11.10-GCCcore-7.3.0/lib] ==> [/apps/software/hwloc/1.11.10-GCCcore-7.3.0/lib]
  collapse library dir [/apps/software/numactl/2.0.11-GCCcore-7.3.0/lib] ==> [/apps/software/numactl/2.0.11-GCCcore-7.3.0/lib]
  collapse library dir [/apps/software/zlib/1.2.11-GCCcore-7.3.0/lib] ==> [/apps/software/zlib/1.2.11-GCCcore-7.3.0/lib]
  collapse library dir [/apps/software/CUDA/9.2.88-GCC-7.3.0-2.30/lib64/stubs] ==> [/apps/software/CUDA/9.2.88-GCC-7.3.0-2.30/lib64/stubs]
  collapse library dir [/apps/software/CUDA/9.2.88-GCC-7.3.0-2.30/lib64] ==> [/apps/software/CUDA/9.2.88-GCC-7.3.0-2.30/lib64]
  collapse library dir [/apps/software/binutils/2.30-GCCcore-7.3.0/lib] ==> [/apps/software/binutils/2.30-GCCcore-7.3.0/lib]
  collapse library dir [/apps/software/GCCcore/7.3.0/lib64] ==> [/apps/software/GCCcore/7.3.0/lib64]
  collapse library dir [/apps/software/GCCcore/7.3.0/lib] ==> [/apps/software/GCCcore/7.3.0/lib]
  collapse library dir [/apps/software/imkl/2019.1.144-iimpi-2019a/mkl/lib/intel64] ==> [/apps/software/imkl/2019.1.144-iimpi-2019a/mkl/lib/intel64]
  collapse library dir [/apps/software/imkl/2019.1.144-iimpi-2019a/lib/intel64] ==> [/apps/software/imkl/2019.1.144-iimpi-2019a/lib/intel64]
  collapse library dir [/apps/software/impi/2018.4.274-iccifort-2019.1.144-GCC-8.2.0-2.31.1/lib64] ==> [/apps/software/impi/2018.4.274-iccifort-2019.1.144-GCC-8.2.0-2.31.1/lib64]
  collapse library dir [/apps/software/ifort/2019.1.144-GCC-8.2.0-2.31.1/compilers_and_libraries_2019.1.144/linux/compiler/lib/intel64] ==> [/apps/software/ifort/2019.1.144-GCC-8.2.0-2.31.1/compilers_and_libraries_2019.1.144/linux/compiler/lib/intel64]
  collapse library dir [/apps/software/icc/2019.1.144-GCC-8.2.0-2.31.1/compilers_and_libraries_2019.1.144/linux/tbb/lib/intel64/gcc4.4] ==> [/apps/software/icc/2019.1.144-GCC-8.2.0-2.31.1/compilers_and_libraries_2019.1.144/linux/tbb/lib/intel64/gcc4.4]
  collapse library dir [/apps/software/icc/2019.1.144-GCC-8.2.0-2.31.1/compilers_and_libraries_2019.1.144/linux/compiler/lib/intel64] ==> [/apps/software/icc/2019.1.144-GCC-8.2.0-2.31.1/compilers_and_libraries_2019.1.144/linux/compiler/lib/intel64]
  collapse library dir [/apps/software/GCCcore/7.3.0/lib/gcc/x86_64-pc-linux-gnu/7.3.0/../../..] ==> [/apps/software/GCCcore/7.3.0/lib]
  implicit libs: [gcc;gcc_s;c;gcc;gcc_s]
  implicit dirs: [/apps/software/CUDA/9.2.88-GCC-7.3.0-2.30/lib64;/apps/software/GCCcore/7.3.0/lib64;/apps/software/GCCcore/7.3.0/lib/gcc/x86_64-pc-linux-gnu/7.3.0;/lib64;/usr/lib64;/apps/software/cURL/7.60.0-GCCcore-7.3.0/lib;/apps/software/bzip2/1.0.6-GCCcore-7.3.0/lib;/apps/software/ncurses/6.1-GCCcore-7.3.0/lib;/apps/software/ScaLAPACK/2.0.2-gompic-2018b-OpenBLAS-0.3.1/lib;/apps/software/FFTW/3.3.8-gompic-2018b/lib;/apps/software/OpenBLAS/0.3.1-GCC-7.3.0-2.30/lib;/apps/software/OpenMPI/3.1.1-gcccuda-2018b/lib;/apps/software/hwloc/1.11.10-GCCcore-7.3.0/lib;/apps/software/numactl/2.0.11-GCCcore-7.3.0/lib;/apps/software/zlib/1.2.11-GCCcore-7.3.0/lib;/apps/software/CUDA/9.2.88-GCC-7.3.0-2.30/lib64/stubs;/apps/software/binutils/2.30-GCCcore-7.3.0/lib;/apps/software/GCCcore/7.3.0/lib;/apps/software/imkl/2019.1.144-iimpi-2019a/mkl/lib/intel64;/apps/software/imkl/2019.1.144-iimpi-2019a/lib/intel64;/apps/software/impi/2018.4.274-iccifort-2019.1.144-GCC-8.2.0-2.31.1/lib64;/apps/software/ifort/2019.1.144-GCC-8.2.0-2.31.1/compilers_and_libraries_2019.1.144/linux/compiler/lib/intel64;/apps/software/icc/2019.1.144-GCC-8.2.0-2.31.1/compilers_and_libraries_2019.1.144/linux/tbb/lib/intel64/gcc4.4;/apps/software/icc/2019.1.144-GCC-8.2.0-2.31.1/compilers_and_libraries_2019.1.144/linux/compiler/lib/intel64]
  implicit fwks: []




Detecting C [-std=c11] compiler features compiled with the following output:
Change Dir: /scratch/s309876/individualProject/HeatEquation3D/CMakeFiles/CMakeTmp

Run Build Command:"/usr/bin/gmake" "cmTC_68ed4/fast"
/usr/bin/gmake -f CMakeFiles/cmTC_68ed4.dir/build.make CMakeFiles/cmTC_68ed4.dir/build
gmake[1]: Entering directory `/scratch/s309876/individualProject/HeatEquation3D/CMakeFiles/CMakeTmp'
Building C object CMakeFiles/cmTC_68ed4.dir/feature_tests.c.o
/apps/software/GCCcore/7.3.0/bin/cc   -std=c11 -o CMakeFiles/cmTC_68ed4.dir/feature_tests.c.o   -c /scratch/s309876/individualProject/HeatEquation3D/CMakeFiles/feature_tests.c
Linking C executable cmTC_68ed4
/apps/software/CMake/3.12.1-GCCcore-7.3.0/bin/cmake -E cmake_link_script CMakeFiles/cmTC_68ed4.dir/link.txt --verbose=1
/apps/software/GCCcore/7.3.0/bin/cc      -rdynamic CMakeFiles/cmTC_68ed4.dir/feature_tests.c.o  -o cmTC_68ed4 
gmake[1]: Leaving directory `/scratch/s309876/individualProject/HeatEquation3D/CMakeFiles/CMakeTmp'


    Feature record: C_FEATURE:1c_function_prototypes
    Feature record: C_FEATURE:1c_restrict
    Feature record: C_FEATURE:1c_static_assert
    Feature record: C_FEATURE:1c_variadic_macros


Detecting C [-std=c99] compiler features compiled with the following output:
Change Dir: /scratch/s309876/individualProject/HeatEquation3D/CMakeFiles/CMakeTmp

Run Build Command:"/usr/bin/gmake" "cmTC_0a806/fast"
/usr/bin/gmake -f CMakeFiles/cmTC_0a806.dir/build.make CMakeFiles/cmTC_0a806.dir/build
gmake[1]: Entering directory `/scratch/s309876/individualProject/HeatEquation3D/CMakeFiles/CMakeTmp'
Building C object CMakeFiles/cmTC_0a806.dir/feature_tests.c.o
/apps/software/GCCcore/7.3.0/bin/cc   -std=c99 -o CMakeFiles/cmTC_0a806.dir/feature_tests.c.o   -c /scratch/s309876/individualProject/HeatEquation3D/CMakeFiles/feature_tests.c
Linking C executable cmTC_0a806
/apps/software/CMake/3.12.1-GCCcore-7.3.0/bin/cmake -E cmake_link_script CMakeFiles/cmTC_0a806.dir/link.txt --verbose=1
/apps/software/GCCcore/7.3.0/bin/cc      -rdynamic CMakeFiles/cmTC_0a806.dir/feature_tests.c.o  -o cmTC_0a806 
gmake[1]: Leaving directory `/scratch/s309876/individualProject/HeatEquation3D/CMakeFiles/CMakeTmp'


    Feature record: C_FEATURE:1c_function_prototypes
    Feature record: C_FEATURE:1c_restrict
    Feature record: C_FEATURE:0c_static_assert
    Feature record: C_FEATURE:1c_variadic_macros


Detecting C [-std=c90] compiler features compiled with the following output:
Change Dir: /scratch/s309876/individualProject/HeatEquation3D/CMakeFiles/CMakeTmp

Run Build Command:"/usr/bin/gmake" "cmTC_7f246/fast"
/usr/bin/gmake -f CMakeFiles/cmTC_7f246.dir/build.make CMakeFiles/cmTC_7f246.dir/build
gmake[1]: Entering directory `/scratch/s309876/individualProject/HeatEquation3D/CMakeFiles/CMakeTmp'
Building C object CMakeFiles/cmTC_7f246.dir/feature_tests.c.o
/apps/software/GCCcore/7.3.0/bin/cc   -std=c90 -o CMakeFiles/cmTC_7f246.dir/feature_tests.c.o   -c /scratch/s309876/individualProject/HeatEquation3D/CMakeFiles/feature_tests.c
Linking C executable cmTC_7f246
/apps/software/CMake/3.12.1-GCCcore-7.3.0/bin/cmake -E cmake_link_script CMakeFiles/cmTC_7f246.dir/link.txt --verbose=1
/apps/software/GCCcore/7.3.0/bin/cc      -rdynamic CMakeFiles/cmTC_7f246.dir/feature_tests.c.o  -o cmTC_7f246 
gmake[1]: Leaving directory `/scratch/s309876/individualProject/HeatEquation3D/CMakeFiles/CMakeTmp'


    Feature record: C_FEATURE:1c_function_prototypes
    Feature record: C_FEATURE:0c_restrict
    Feature record: C_FEATURE:0c_static_assert
    Feature record: C_FEATURE:0c_variadic_macros
Determining if the CXX compiler works passed with the following output:
Change Dir: /scratch/s309876/individualProject/HeatEquation3D/CMakeFiles/CMakeTmp

Run Build Command:"/usr/bin/gmake" "cmTC_1848c/fast"
/usr/bin/gmake -f CMakeFiles/cmTC_1848c.dir/build.make CMakeFiles/cmTC_1848c.dir/build
gmake[1]: Entering directory `/scratch/s309876/individualProject/HeatEquation3D/CMakeFiles/CMakeTmp'
Building CXX object CMakeFiles/cmTC_1848c.dir/testCXXCompiler.cxx.o
/apps/software/GCCcore/7.3.0/bin/c++     -o CMakeFiles/cmTC_1848c.dir/testCXXCompiler.cxx.o -c /scratch/s309876/individualProject/HeatEquation3D/CMakeFiles/CMakeTmp/testCXXCompiler.cxx
Linking CXX executable cmTC_1848c
/apps/software/CMake/3.12.1-GCCcore-7.3.0/bin/cmake -E cmake_link_script CMakeFiles/cmTC_1848c.dir/link.txt --verbose=1
/apps/software/GCCcore/7.3.0/bin/c++       -rdynamic CMakeFiles/cmTC_1848c.dir/testCXXCompiler.cxx.o  -o cmTC_1848c 
gmake[1]: Leaving directory `/scratch/s309876/individualProject/HeatEquation3D/CMakeFiles/CMakeTmp'


Detecting CXX compiler ABI info compiled with the following output:
Change Dir: /scratch/s309876/individualProject/HeatEquation3D/CMakeFiles/CMakeTmp

Run Build Command:"/usr/bin/gmake" "cmTC_76453/fast"
/usr/bin/gmake -f CMakeFiles/cmTC_76453.dir/build.make CMakeFiles/cmTC_76453.dir/build
gmake[1]: Entering directory `/scratch/s309876/individualProject/HeatEquation3D/CMakeFiles/CMakeTmp'
Building CXX object CMakeFiles/cmTC_76453.dir/CMakeCXXCompilerABI.cpp.o
/apps/software/GCCcore/7.3.0/bin/c++     -o CMakeFiles/cmTC_76453.dir/CMakeCXXCompilerABI.cpp.o -c /apps/software/CMake/3.12.1-GCCcore-7.3.0/share/cmake-3.12/Modules/CMakeCXXCompilerABI.cpp
Linking CXX executable cmTC_76453
/apps/software/CMake/3.12.1-GCCcore-7.3.0/bin/cmake -E cmake_link_script CMakeFiles/cmTC_76453.dir/link.txt --verbose=1
/apps/software/GCCcore/7.3.0/bin/c++      -v -rdynamic CMakeFiles/cmTC_76453.dir/CMakeCXXCompilerABI.cpp.o  -o cmTC_76453 
Using built-in specs.
COLLECT_GCC=/apps/software/GCCcore/7.3.0/bin/c++
COLLECT_LTO_WRAPPER=/apps/software/GCCcore/7.3.0/libexec/gcc/x86_64-pc-linux-gnu/7.3.0/lto-wrapper
Target: x86_64-pc-linux-gnu
Configured with: ../configure --enable-languages=c,c++,fortran --enable-lto --enable-checking=release --disable-multilib --enable-shared=yes --enable-static=yes --enable-threads=posix --enable-gold=default --enable-plugins --enable-ld --with-plugin-ld=ld.gold --prefix=/apps/software/GCCcore/7.3.0 --with-local-prefix=/apps/software/GCCcore/7.3.0 --enable-bootstrap --with-isl=/apps/build/GCCcore/7.3.0/dummy-/gcc-7.3.0/stage2_stuff
Thread model: posix
gcc version 7.3.0 (GCC) 
COMPILER_PATH=/apps/software/GCCcore/7.3.0/libexec/gcc/x86_64-pc-linux-gnu/7.3.0/:/apps/software/GCCcore/7.3.0/libexec/gcc/x86_64-pc-linux-gnu/7.3.0/:/apps/software/GCCcore/7.3.0/libexec/gcc/x86_64-pc-linux-gnu/:/apps/software/GCCcore/7.3.0/lib/gcc/x86_64-pc-linux-gnu/7.3.0/:/apps/software/GCCcore/7.3.0/lib/gcc/x86_64-pc-linux-gnu/
LIBRARY_PATH=/apps/software/CUDA/9.2.88-GCC-7.3.0-2.30/lib64/../lib64/:/apps/software/GCCcore/7.3.0/lib64/../lib64/:/apps/software/GCCcore/7.3.0/lib/../lib64/:/apps/software/GCCcore/7.3.0/lib/gcc/x86_64-pc-linux-gnu/7.3.0/:/apps/software/GCCcore/7.3.0/lib/gcc/x86_64-pc-linux-gnu/7.3.0/../../../../lib64/:/lib/../lib64/:/usr/lib/../lib64/:/apps/software/cURL/7.60.0-GCCcore-7.3.0/lib/:/apps/software/bzip2/1.0.6-GCCcore-7.3.0/lib/:/apps/software/ncurses/6.1-GCCcore-7.3.0/lib/:/apps/software/ScaLAPACK/2.0.2-gompic-2018b-OpenBLAS-0.3.1/lib/:/apps/software/FFTW/3.3.8-gompic-2018b/lib/:/apps/software/OpenBLAS/0.3.1-GCC-7.3.0-2.30/lib/:/apps/software/OpenMPI/3.1.1-gcccuda-2018b/lib/:/apps/software/hwloc/1.11.10-GCCcore-7.3.0/lib/:/apps/software/numactl/2.0.11-GCCcore-7.3.0/lib/:/apps/software/zlib/1.2.11-GCCcore-7.3.0/lib/:/apps/software/CUDA/9.2.88-GCC-7.3.0-2.30/lib64/stubs/:/apps/software/CUDA/9.2.88-GCC-7.3.0-2.30/lib64/:/apps/software/binutils/2.30-GCCcore-7.3.0/lib/:/apps/software/GCCcore/7.3.0/lib64/:/apps/software/GCCcore/7.3.0/lib/:/apps/software/imkl/2019.1.144-iimpi-2019a/mkl/lib/intel64/:/apps/software/imkl/2019.1.144-iimpi-2019a/lib/intel64/:/apps/software/impi/2018.4.274-iccifort-2019.1.144-GCC-8.2.0-2.31.1/lib64/:/apps/software/ifort/2019.1.144-GCC-8.2.0-2.31.1/compilers_and_libraries_2019.1.144/linux/compiler/lib/intel64/:/apps/software/icc/2019.1.144-GCC-8.2.0-2.31.1/compilers_and_libraries_2019.1.144/linux/tbb/lib/intel64/gcc4.4/:/apps/software/icc/2019.1.144-GCC-8.2.0-2.31.1/compilers_and_libraries_2019.1.144/linux/compiler/lib/intel64/:/apps/software/GCCcore/7.3.0/lib/gcc/x86_64-pc-linux-gnu/7.3.0/../../../:/lib/:/usr/lib/
COLLECT_GCC_OPTIONS='-v' '-rdynamic' '-o' 'cmTC_76453' '-shared-libgcc' '-mtune=generic' '-march=x86-64'
 /apps/software/GCCcore/7.3.0/libexec/gcc/x86_64-pc-linux-gnu/7.3.0/collect2 -plugin /apps/software/GCCcore/7.3.0/libexec/gcc/x86_64-pc-linux-gnu/7.3.0/liblto_plugin.so -plugin-opt=/apps/software/GCCcore/7.3.0/libexec/gcc/x86_64-pc-linux-gnu/7.3.0/lto-wrapper -plugin-opt=-fresolution=/tmp/cc9b0UHu.res -plugin-opt=-pass-through=-lgcc_s -plugin-opt=-pass-through=-lgcc -plugin-opt=-pass-through=-lc -plugin-opt=-pass-through=-lgcc_s -plugin-opt=-pass-through=-lgcc --eh-frame-hdr -m elf_x86_64 -export-dynamic -dynamic-linker /lib64/ld-linux-x86-64.so.2 -o cmTC_76453 /lib/../lib64/crt1.o /lib/../lib64/crti.o /apps/software/GCCcore/7.3.0/lib/gcc/x86_64-pc-linux-gnu/7.3.0/crtbegin.o -L/apps/software/CUDA/9.2.88-GCC-7.3.0-2.30/lib64/../lib64 -L/apps/software/GCCcore/7.3.0/lib64/../lib64 -L/apps/software/GCCcore/7.3.0/lib/../lib64 -L/apps/software/GCCcore/7.3.0/lib/gcc/x86_64-pc-linux-gnu/7.3.0 -L/apps/software/GCCcore/7.3.0/lib/gcc/x86_64-pc-linux-gnu/7.3.0/../../../../lib64 -L/lib/../lib64 -L/usr/lib/../lib64 -L/apps/software/cURL/7.60.0-GCCcore-7.3.0/lib -L/apps/software/bzip2/1.0.6-GCCcore-7.3.0/lib -L/apps/software/ncurses/6.1-GCCcore-7.3.0/lib -L/apps/software/ScaLAPACK/2.0.2-gompic-2018b-OpenBLAS-0.3.1/lib -L/apps/software/FFTW/3.3.8-gompic-2018b/lib -L/apps/software/OpenBLAS/0.3.1-GCC-7.3.0-2.30/lib -L/apps/software/OpenMPI/3.1.1-gcccuda-2018b/lib -L/apps/software/hwloc/1.11.10-GCCcore-7.3.0/lib -L/apps/software/numactl/2.0.11-GCCcore-7.3.0/lib -L/apps/software/zlib/1.2.11-GCCcore-7.3.0/lib -L/apps/software/CUDA/9.2.88-GCC-7.3.0-2.30/lib64/stubs -L/apps/software/CUDA/9.2.88-GCC-7.3.0-2.30/lib64 -L/apps/software/binutils/2.30-GCCcore-7.3.0/lib -L/apps/software/GCCcore/7.3.0/lib64 -L/apps/software/GCCcore/7.3.0/lib -L/apps/software/imkl/2019.1.144-iimpi-2019a/mkl/lib/intel64 -L/apps/software/imkl/2019.1.144-iimpi-2019a/lib/intel64 -L/apps/software/impi/2018.4.274-iccifort-2019.1.144-GCC-8.2.0-2.31.1/lib64 -L/apps/software/ifort/2019.1.144-GCC-8.2.0-2.31.1/compilers_and_libraries_2019.1.144/linux/compiler/lib/intel64 -L/apps/software/icc/2019.1.144-GCC-8.2.0-2.31.1/compilers_and_libraries_2019.1.144/linux/tbb/lib/intel64/gcc4.4 -L/apps/software/icc/2019.1.144-GCC-8.2.0-2.31.1/compilers_and_libraries_2019.1.144/linux/compiler/lib/intel64 -L/apps/software/GCCcore/7.3.0/lib/gcc/x86_64-pc-linux-gnu/7.3.0/../../.. CMakeFiles/cmTC_76453.dir/CMakeCXXCompilerABI.cpp.o -lstdc++ -lm -lgcc_s -lgcc -lc -lgcc_s -lgcc /apps/software/GCCcore/7.3.0/lib/gcc/x86_64-pc-linux-gnu/7.3.0/crtend.o /lib/../lib64/crtn.o
COLLECT_GCC_OPTIONS='-v' '-rdynamic' '-o' 'cmTC_76453' '-shared-libgcc' '-mtune=generic' '-march=x86-64'
gmake[1]: Leaving directory `/scratch/s309876/individualProject/HeatEquation3D/CMakeFiles/CMakeTmp'


Parsed CXX implicit link information from above output:
  link line regex: [^( *|.*[/\])(ld|CMAKE_LINK_STARTFILE-NOTFOUND|([^/\]+-)?ld|collect2)[^/\]*( |$)]
  ignore line: [Change Dir: /scratch/s309876/individualProject/HeatEquation3D/CMakeFiles/CMakeTmp]
  ignore line: []
  ignore line: [Run Build Command:"/usr/bin/gmake" "cmTC_76453/fast"]
  ignore line: [/usr/bin/gmake -f CMakeFiles/cmTC_76453.dir/build.make CMakeFiles/cmTC_76453.dir/build]
  ignore line: [gmake[1]: Entering directory `/scratch/s309876/individualProject/HeatEquation3D/CMakeFiles/CMakeTmp']
  ignore line: [Building CXX object CMakeFiles/cmTC_76453.dir/CMakeCXXCompilerABI.cpp.o]
  ignore line: [/apps/software/GCCcore/7.3.0/bin/c++     -o CMakeFiles/cmTC_76453.dir/CMakeCXXCompilerABI.cpp.o -c /apps/software/CMake/3.12.1-GCCcore-7.3.0/share/cmake-3.12/Modules/CMakeCXXCompilerABI.cpp]
  ignore line: [Linking CXX executable cmTC_76453]
  ignore line: [/apps/software/CMake/3.12.1-GCCcore-7.3.0/bin/cmake -E cmake_link_script CMakeFiles/cmTC_76453.dir/link.txt --verbose=1]
  ignore line: [/apps/software/GCCcore/7.3.0/bin/c++      -v -rdynamic CMakeFiles/cmTC_76453.dir/CMakeCXXCompilerABI.cpp.o  -o cmTC_76453 ]
  ignore line: [Using built-in specs.]
  ignore line: [COLLECT_GCC=/apps/software/GCCcore/7.3.0/bin/c++]
  ignore line: [COLLECT_LTO_WRAPPER=/apps/software/GCCcore/7.3.0/libexec/gcc/x86_64-pc-linux-gnu/7.3.0/lto-wrapper]
  ignore line: [Target: x86_64-pc-linux-gnu]
  ignore line: [Configured with: ../configure --enable-languages=c,c++,fortran --enable-lto --enable-checking=release --disable-multilib --enable-shared=yes --enable-static=yes --enable-threads=posix --enable-gold=default --enable-plugins --enable-ld --with-plugin-ld=ld.gold --prefix=/apps/software/GCCcore/7.3.0 --with-local-prefix=/apps/software/GCCcore/7.3.0 --enable-bootstrap --with-isl=/apps/build/GCCcore/7.3.0/dummy-/gcc-7.3.0/stage2_stuff]
  ignore line: [Thread model: posix]
  ignore line: [gcc version 7.3.0 (GCC) ]
  ignore line: [COMPILER_PATH=/apps/software/GCCcore/7.3.0/libexec/gcc/x86_64-pc-linux-gnu/7.3.0/:/apps/software/GCCcore/7.3.0/libexec/gcc/x86_64-pc-linux-gnu/7.3.0/:/apps/software/GCCcore/7.3.0/libexec/gcc/x86_64-pc-linux-gnu/:/apps/software/GCCcore/7.3.0/lib/gcc/x86_64-pc-linux-gnu/7.3.0/:/apps/software/GCCcore/7.3.0/lib/gcc/x86_64-pc-linux-gnu/]
  ignore line: [LIBRARY_PATH=/apps/software/CUDA/9.2.88-GCC-7.3.0-2.30/lib64/../lib64/:/apps/software/GCCcore/7.3.0/lib64/../lib64/:/apps/software/GCCcore/7.3.0/lib/../lib64/:/apps/software/GCCcore/7.3.0/lib/gcc/x86_64-pc-linux-gnu/7.3.0/:/apps/software/GCCcore/7.3.0/lib/gcc/x86_64-pc-linux-gnu/7.3.0/../../../../lib64/:/lib/../lib64/:/usr/lib/../lib64/:/apps/software/cURL/7.60.0-GCCcore-7.3.0/lib/:/apps/software/bzip2/1.0.6-GCCcore-7.3.0/lib/:/apps/software/ncurses/6.1-GCCcore-7.3.0/lib/:/apps/software/ScaLAPACK/2.0.2-gompic-2018b-OpenBLAS-0.3.1/lib/:/apps/software/FFTW/3.3.8-gompic-2018b/lib/:/apps/software/OpenBLAS/0.3.1-GCC-7.3.0-2.30/lib/:/apps/software/OpenMPI/3.1.1-gcccuda-2018b/lib/:/apps/software/hwloc/1.11.10-GCCcore-7.3.0/lib/:/apps/software/numactl/2.0.11-GCCcore-7.3.0/lib/:/apps/software/zlib/1.2.11-GCCcore-7.3.0/lib/:/apps/software/CUDA/9.2.88-GCC-7.3.0-2.30/lib64/stubs/:/apps/software/CUDA/9.2.88-GCC-7.3.0-2.30/lib64/:/apps/software/binutils/2.30-GCCcore-7.3.0/lib/:/apps/software/GCCcore/7.3.0/lib64/:/apps/software/GCCcore/7.3.0/lib/:/apps/software/imkl/2019.1.144-iimpi-2019a/mkl/lib/intel64/:/apps/software/imkl/2019.1.144-iimpi-2019a/lib/intel64/:/apps/software/impi/2018.4.274-iccifort-2019.1.144-GCC-8.2.0-2.31.1/lib64/:/apps/software/ifort/2019.1.144-GCC-8.2.0-2.31.1/compilers_and_libraries_2019.1.144/linux/compiler/lib/intel64/:/apps/software/icc/2019.1.144-GCC-8.2.0-2.31.1/compilers_and_libraries_2019.1.144/linux/tbb/lib/intel64/gcc4.4/:/apps/software/icc/2019.1.144-GCC-8.2.0-2.31.1/compilers_and_libraries_2019.1.144/linux/compiler/lib/intel64/:/apps/software/GCCcore/7.3.0/lib/gcc/x86_64-pc-linux-gnu/7.3.0/../../../:/lib/:/usr/lib/]
  ignore line: [COLLECT_GCC_OPTIONS='-v' '-rdynamic' '-o' 'cmTC_76453' '-shared-libgcc' '-mtune=generic' '-march=x86-64']
  link line: [ /apps/software/GCCcore/7.3.0/libexec/gcc/x86_64-pc-linux-gnu/7.3.0/collect2 -plugin /apps/software/GCCcore/7.3.0/libexec/gcc/x86_64-pc-linux-gnu/7.3.0/liblto_plugin.so -plugin-opt=/apps/software/GCCcore/7.3.0/libexec/gcc/x86_64-pc-linux-gnu/7.3.0/lto-wrapper -plugin-opt=-fresolution=/tmp/cc9b0UHu.res -plugin-opt=-pass-through=-lgcc_s -plugin-opt=-pass-through=-lgcc -plugin-opt=-pass-through=-lc -plugin-opt=-pass-through=-lgcc_s -plugin-opt=-pass-through=-lgcc --eh-frame-hdr -m elf_x86_64 -export-dynamic -dynamic-linker /lib64/ld-linux-x86-64.so.2 -o cmTC_76453 /lib/../lib64/crt1.o /lib/../lib64/crti.o /apps/software/GCCcore/7.3.0/lib/gcc/x86_64-pc-linux-gnu/7.3.0/crtbegin.o -L/apps/software/CUDA/9.2.88-GCC-7.3.0-2.30/lib64/../lib64 -L/apps/software/GCCcore/7.3.0/lib64/../lib64 -L/apps/software/GCCcore/7.3.0/lib/../lib64 -L/apps/software/GCCcore/7.3.0/lib/gcc/x86_64-pc-linux-gnu/7.3.0 -L/apps/software/GCCcore/7.3.0/lib/gcc/x86_64-pc-linux-gnu/7.3.0/../../../../lib64 -L/lib/../lib64 -L/usr/lib/../lib64 -L/apps/software/cURL/7.60.0-GCCcore-7.3.0/lib -L/apps/software/bzip2/1.0.6-GCCcore-7.3.0/lib -L/apps/software/ncurses/6.1-GCCcore-7.3.0/lib -L/apps/software/ScaLAPACK/2.0.2-gompic-2018b-OpenBLAS-0.3.1/lib -L/apps/software/FFTW/3.3.8-gompic-2018b/lib -L/apps/software/OpenBLAS/0.3.1-GCC-7.3.0-2.30/lib -L/apps/software/OpenMPI/3.1.1-gcccuda-2018b/lib -L/apps/software/hwloc/1.11.10-GCCcore-7.3.0/lib -L/apps/software/numactl/2.0.11-GCCcore-7.3.0/lib -L/apps/software/zlib/1.2.11-GCCcore-7.3.0/lib -L/apps/software/CUDA/9.2.88-GCC-7.3.0-2.30/lib64/stubs -L/apps/software/CUDA/9.2.88-GCC-7.3.0-2.30/lib64 -L/apps/software/binutils/2.30-GCCcore-7.3.0/lib -L/apps/software/GCCcore/7.3.0/lib64 -L/apps/software/GCCcore/7.3.0/lib -L/apps/software/imkl/2019.1.144-iimpi-2019a/mkl/lib/intel64 -L/apps/software/imkl/2019.1.144-iimpi-2019a/lib/intel64 -L/apps/software/impi/2018.4.274-iccifort-2019.1.144-GCC-8.2.0-2.31.1/lib64 -L/apps/software/ifort/2019.1.144-GCC-8.2.0-2.31.1/compilers_and_libraries_2019.1.144/linux/compiler/lib/intel64 -L/apps/software/icc/2019.1.144-GCC-8.2.0-2.31.1/compilers_and_libraries_2019.1.144/linux/tbb/lib/intel64/gcc4.4 -L/apps/software/icc/2019.1.144-GCC-8.2.0-2.31.1/compilers_and_libraries_2019.1.144/linux/compiler/lib/intel64 -L/apps/software/GCCcore/7.3.0/lib/gcc/x86_64-pc-linux-gnu/7.3.0/../../.. CMakeFiles/cmTC_76453.dir/CMakeCXXCompilerABI.cpp.o -lstdc++ -lm -lgcc_s -lgcc -lc -lgcc_s -lgcc /apps/software/GCCcore/7.3.0/lib/gcc/x86_64-pc-linux-gnu/7.3.0/crtend.o /lib/../lib64/crtn.o]
    arg [/apps/software/GCCcore/7.3.0/libexec/gcc/x86_64-pc-linux-gnu/7.3.0/collect2] ==> ignore
    arg [-plugin] ==> ignore
    arg [/apps/software/GCCcore/7.3.0/libexec/gcc/x86_64-pc-linux-gnu/7.3.0/liblto_plugin.so] ==> ignore
    arg [-plugin-opt=/apps/software/GCCcore/7.3.0/libexec/gcc/x86_64-pc-linux-gnu/7.3.0/lto-wrapper] ==> ignore
    arg [-plugin-opt=-fresolution=/tmp/cc9b0UHu.res] ==> ignore
    arg [-plugin-opt=-pass-through=-lgcc_s] ==> ignore
    arg [-plugin-opt=-pass-through=-lgcc] ==> ignore
    arg [-plugin-opt=-pass-through=-lc] ==> ignore
    arg [-plugin-opt=-pass-through=-lgcc_s] ==> ignore
    arg [-plugin-opt=-pass-through=-lgcc] ==> ignore
    arg [--eh-frame-hdr] ==> ignore
    arg [-m] ==> ignore
    arg [elf_x86_64] ==> ignore
    arg [-export-dynamic] ==> ignore
    arg [-dynamic-linker] ==> ignore
    arg [/lib64/ld-linux-x86-64.so.2] ==> ignore
    arg [-o] ==> ignore
    arg [cmTC_76453] ==> ignore
    arg [/lib/../lib64/crt1.o] ==> ignore
    arg [/lib/../lib64/crti.o] ==> ignore
    arg [/apps/software/GCCcore/7.3.0/lib/gcc/x86_64-pc-linux-gnu/7.3.0/crtbegin.o] ==> ignore
    arg [-L/apps/software/CUDA/9.2.88-GCC-7.3.0-2.30/lib64/../lib64] ==> dir [/apps/software/CUDA/9.2.88-GCC-7.3.0-2.30/lib64/../lib64]
    arg [-L/apps/software/GCCcore/7.3.0/lib64/../lib64] ==> dir [/apps/software/GCCcore/7.3.0/lib64/../lib64]
    arg [-L/apps/software/GCCcore/7.3.0/lib/../lib64] ==> dir [/apps/software/GCCcore/7.3.0/lib/../lib64]
    arg [-L/apps/software/GCCcore/7.3.0/lib/gcc/x86_64-pc-linux-gnu/7.3.0] ==> dir [/apps/software/GCCcore/7.3.0/lib/gcc/x86_64-pc-linux-gnu/7.3.0]
    arg [-L/apps/software/GCCcore/7.3.0/lib/gcc/x86_64-pc-linux-gnu/7.3.0/../../../../lib64] ==> dir [/apps/software/GCCcore/7.3.0/lib/gcc/x86_64-pc-linux-gnu/7.3.0/../../../../lib64]
    arg [-L/lib/../lib64] ==> dir [/lib/../lib64]
    arg [-L/usr/lib/../lib64] ==> dir [/usr/lib/../lib64]
    arg [-L/apps/software/cURL/7.60.0-GCCcore-7.3.0/lib] ==> dir [/apps/software/cURL/7.60.0-GCCcore-7.3.0/lib]
    arg [-L/apps/software/bzip2/1.0.6-GCCcore-7.3.0/lib] ==> dir [/apps/software/bzip2/1.0.6-GCCcore-7.3.0/lib]
    arg [-L/apps/software/ncurses/6.1-GCCcore-7.3.0/lib] ==> dir [/apps/software/ncurses/6.1-GCCcore-7.3.0/lib]
    arg [-L/apps/software/ScaLAPACK/2.0.2-gompic-2018b-OpenBLAS-0.3.1/lib] ==> dir [/apps/software/ScaLAPACK/2.0.2-gompic-2018b-OpenBLAS-0.3.1/lib]
    arg [-L/apps/software/FFTW/3.3.8-gompic-2018b/lib] ==> dir [/apps/software/FFTW/3.3.8-gompic-2018b/lib]
    arg [-L/apps/software/OpenBLAS/0.3.1-GCC-7.3.0-2.30/lib] ==> dir [/apps/software/OpenBLAS/0.3.1-GCC-7.3.0-2.30/lib]
    arg [-L/apps/software/OpenMPI/3.1.1-gcccuda-2018b/lib] ==> dir [/apps/software/OpenMPI/3.1.1-gcccuda-2018b/lib]
    arg [-L/apps/software/hwloc/1.11.10-GCCcore-7.3.0/lib] ==> dir [/apps/software/hwloc/1.11.10-GCCcore-7.3.0/lib]
    arg [-L/apps/software/numactl/2.0.11-GCCcore-7.3.0/lib] ==> dir [/apps/software/numactl/2.0.11-GCCcore-7.3.0/lib]
    arg [-L/apps/software/zlib/1.2.11-GCCcore-7.3.0/lib] ==> dir [/apps/software/zlib/1.2.11-GCCcore-7.3.0/lib]
    arg [-L/apps/software/CUDA/9.2.88-GCC-7.3.0-2.30/lib64/stubs] ==> dir [/apps/software/CUDA/9.2.88-GCC-7.3.0-2.30/lib64/stubs]
    arg [-L/apps/software/CUDA/9.2.88-GCC-7.3.0-2.30/lib64] ==> dir [/apps/software/CUDA/9.2.88-GCC-7.3.0-2.30/lib64]
    arg [-L/apps/software/binutils/2.30-GCCcore-7.3.0/lib] ==> dir [/apps/software/binutils/2.30-GCCcore-7.3.0/lib]
    arg [-L/apps/software/GCCcore/7.3.0/lib64] ==> dir [/apps/software/GCCcore/7.3.0/lib64]
    arg [-L/apps/software/GCCcore/7.3.0/lib] ==> dir [/apps/software/GCCcore/7.3.0/lib]
    arg [-L/apps/software/imkl/2019.1.144-iimpi-2019a/mkl/lib/intel64] ==> dir [/apps/software/imkl/2019.1.144-iimpi-2019a/mkl/lib/intel64]
    arg [-L/apps/software/imkl/2019.1.144-iimpi-2019a/lib/intel64] ==> dir [/apps/software/imkl/2019.1.144-iimpi-2019a/lib/intel64]
    arg [-L/apps/software/impi/2018.4.274-iccifort-2019.1.144-GCC-8.2.0-2.31.1/lib64] ==> dir [/apps/software/impi/2018.4.274-iccifort-2019.1.144-GCC-8.2.0-2.31.1/lib64]
    arg [-L/apps/software/ifort/2019.1.144-GCC-8.2.0-2.31.1/compilers_and_libraries_2019.1.144/linux/compiler/lib/intel64] ==> dir [/apps/software/ifort/2019.1.144-GCC-8.2.0-2.31.1/compilers_and_libraries_2019.1.144/linux/compiler/lib/intel64]
    arg [-L/apps/software/icc/2019.1.144-GCC-8.2.0-2.31.1/compilers_and_libraries_2019.1.144/linux/tbb/lib/intel64/gcc4.4] ==> dir [/apps/software/icc/2019.1.144-GCC-8.2.0-2.31.1/compilers_and_libraries_2019.1.144/linux/tbb/lib/intel64/gcc4.4]
    arg [-L/apps/software/icc/2019.1.144-GCC-8.2.0-2.31.1/compilers_and_libraries_2019.1.144/linux/compiler/lib/intel64] ==> dir [/apps/software/icc/2019.1.144-GCC-8.2.0-2.31.1/compilers_and_libraries_2019.1.144/linux/compiler/lib/intel64]
    arg [-L/apps/software/GCCcore/7.3.0/lib/gcc/x86_64-pc-linux-gnu/7.3.0/../../..] ==> dir [/apps/software/GCCcore/7.3.0/lib/gcc/x86_64-pc-linux-gnu/7.3.0/../../..]
    arg [CMakeFiles/cmTC_76453.dir/CMakeCXXCompilerABI.cpp.o] ==> ignore
    arg [-lstdc++] ==> lib [stdc++]
    arg [-lm] ==> lib [m]
    arg [-lgcc_s] ==> lib [gcc_s]
    arg [-lgcc] ==> lib [gcc]
    arg [-lc] ==> lib [c]
    arg [-lgcc_s] ==> lib [gcc_s]
    arg [-lgcc] ==> lib [gcc]
    arg [/apps/software/GCCcore/7.3.0/lib/gcc/x86_64-pc-linux-gnu/7.3.0/crtend.o] ==> ignore
    arg [/lib/../lib64/crtn.o] ==> ignore
  collapse library dir [/apps/software/CUDA/9.2.88-GCC-7.3.0-2.30/lib64/../lib64] ==> [/apps/software/CUDA/9.2.88-GCC-7.3.0-2.30/lib64]
  collapse library dir [/apps/software/GCCcore/7.3.0/lib64/../lib64] ==> [/apps/software/GCCcore/7.3.0/lib64]
  collapse library dir [/apps/software/GCCcore/7.3.0/lib/../lib64] ==> [/apps/software/GCCcore/7.3.0/lib64]
  collapse library dir [/apps/software/GCCcore/7.3.0/lib/gcc/x86_64-pc-linux-gnu/7.3.0] ==> [/apps/software/GCCcore/7.3.0/lib/gcc/x86_64-pc-linux-gnu/7.3.0]
  collapse library dir [/apps/software/GCCcore/7.3.0/lib/gcc/x86_64-pc-linux-gnu/7.3.0/../../../../lib64] ==> [/apps/software/GCCcore/7.3.0/lib64]
  collapse library dir [/lib/../lib64] ==> [/lib64]
  collapse library dir [/usr/lib/../lib64] ==> [/usr/lib64]
  collapse library dir [/apps/software/cURL/7.60.0-GCCcore-7.3.0/lib] ==> [/apps/software/cURL/7.60.0-GCCcore-7.3.0/lib]
  collapse library dir [/apps/software/bzip2/1.0.6-GCCcore-7.3.0/lib] ==> [/apps/software/bzip2/1.0.6-GCCcore-7.3.0/lib]
  collapse library dir [/apps/software/ncurses/6.1-GCCcore-7.3.0/lib] ==> [/apps/software/ncurses/6.1-GCCcore-7.3.0/lib]
  collapse library dir [/apps/software/ScaLAPACK/2.0.2-gompic-2018b-OpenBLAS-0.3.1/lib] ==> [/apps/software/ScaLAPACK/2.0.2-gompic-2018b-OpenBLAS-0.3.1/lib]
  collapse library dir [/apps/software/FFTW/3.3.8-gompic-2018b/lib] ==> [/apps/software/FFTW/3.3.8-gompic-2018b/lib]
  collapse library dir [/apps/software/OpenBLAS/0.3.1-GCC-7.3.0-2.30/lib] ==> [/apps/software/OpenBLAS/0.3.1-GCC-7.3.0-2.30/lib]
  collapse library dir [/apps/software/OpenMPI/3.1.1-gcccuda-2018b/lib] ==> [/apps/software/OpenMPI/3.1.1-gcccuda-2018b/lib]
  collapse library dir [/apps/software/hwloc/1.11.10-GCCcore-7.3.0/lib] ==> [/apps/software/hwloc/1.11.10-GCCcore-7.3.0/lib]
  collapse library dir [/apps/software/numactl/2.0.11-GCCcore-7.3.0/lib] ==> [/apps/software/numactl/2.0.11-GCCcore-7.3.0/lib]
  collapse library dir [/apps/software/zlib/1.2.11-GCCcore-7.3.0/lib] ==> [/apps/software/zlib/1.2.11-GCCcore-7.3.0/lib]
  collapse library dir [/apps/software/CUDA/9.2.88-GCC-7.3.0-2.30/lib64/stubs] ==> [/apps/software/CUDA/9.2.88-GCC-7.3.0-2.30/lib64/stubs]
  collapse library dir [/apps/software/CUDA/9.2.88-GCC-7.3.0-2.30/lib64] ==> [/apps/software/CUDA/9.2.88-GCC-7.3.0-2.30/lib64]
  collapse library dir [/apps/software/binutils/2.30-GCCcore-7.3.0/lib] ==> [/apps/software/binutils/2.30-GCCcore-7.3.0/lib]
  collapse library dir [/apps/software/GCCcore/7.3.0/lib64] ==> [/apps/software/GCCcore/7.3.0/lib64]
  collapse library dir [/apps/software/GCCcore/7.3.0/lib] ==> [/apps/software/GCCcore/7.3.0/lib]
  collapse library dir [/apps/software/imkl/2019.1.144-iimpi-2019a/mkl/lib/intel64] ==> [/apps/software/imkl/2019.1.144-iimpi-2019a/mkl/lib/intel64]
  collapse library dir [/apps/software/imkl/2019.1.144-iimpi-2019a/lib/intel64] ==> [/apps/software/imkl/2019.1.144-iimpi-2019a/lib/intel64]
  collapse library dir [/apps/software/impi/2018.4.274-iccifort-2019.1.144-GCC-8.2.0-2.31.1/lib64] ==> [/apps/software/impi/2018.4.274-iccifort-2019.1.144-GCC-8.2.0-2.31.1/lib64]
  collapse library dir [/apps/software/ifort/2019.1.144-GCC-8.2.0-2.31.1/compilers_and_libraries_2019.1.144/linux/compiler/lib/intel64] ==> [/apps/software/ifort/2019.1.144-GCC-8.2.0-2.31.1/compilers_and_libraries_2019.1.144/linux/compiler/lib/intel64]
  collapse library dir [/apps/software/icc/2019.1.144-GCC-8.2.0-2.31.1/compilers_and_libraries_2019.1.144/linux/tbb/lib/intel64/gcc4.4] ==> [/apps/software/icc/2019.1.144-GCC-8.2.0-2.31.1/compilers_and_libraries_2019.1.144/linux/tbb/lib/intel64/gcc4.4]
  collapse library dir [/apps/software/icc/2019.1.144-GCC-8.2.0-2.31.1/compilers_and_libraries_2019.1.144/linux/compiler/lib/intel64] ==> [/apps/software/icc/2019.1.144-GCC-8.2.0-2.31.1/compilers_and_libraries_2019.1.144/linux/compiler/lib/intel64]
  collapse library dir [/apps/software/GCCcore/7.3.0/lib/gcc/x86_64-pc-linux-gnu/7.3.0/../../..] ==> [/apps/software/GCCcore/7.3.0/lib]
  implicit libs: [stdc++;m;gcc_s;gcc;c;gcc_s;gcc]
  implicit dirs: [/apps/software/CUDA/9.2.88-GCC-7.3.0-2.30/lib64;/apps/software/GCCcore/7.3.0/lib64;/apps/software/GCCcore/7.3.0/lib/gcc/x86_64-pc-linux-gnu/7.3.0;/lib64;/usr/lib64;/apps/software/cURL/7.60.0-GCCcore-7.3.0/lib;/apps/software/bzip2/1.0.6-GCCcore-7.3.0/lib;/apps/software/ncurses/6.1-GCCcore-7.3.0/lib;/apps/software/ScaLAPACK/2.0.2-gompic-2018b-OpenBLAS-0.3.1/lib;/apps/software/FFTW/3.3.8-gompic-2018b/lib;/apps/software/OpenBLAS/0.3.1-GCC-7.3.0-2.30/lib;/apps/software/OpenMPI/3.1.1-gcccuda-2018b/lib;/apps/software/hwloc/1.11.10-GCCcore-7.3.0/lib;/apps/software/numactl/2.0.11-GCCcore-7.3.0/lib;/apps/software/zlib/1.2.11-GCCcore-7.3.0/lib;/apps/software/CUDA/9.2.88-GCC-7.3.0-2.30/lib64/stubs;/apps/software/binutils/2.30-GCCcore-7.3.0/lib;/apps/software/GCCcore/7.3.0/lib;/apps/software/imkl/2019.1.144-iimpi-2019a/mkl/lib/intel64;/apps/software/imkl/2019.1.144-iimpi-2019a/lib/intel64;/apps/software/impi/2018.4.274-iccifort-2019.1.144-GCC-8.2.0-2.31.1/lib64;/apps/software/ifort/2019.1.144-GCC-8.2.0-2.31.1/compilers_and_libraries_2019.1.144/linux/compiler/lib/intel64;/apps/software/icc/2019.1.144-GCC-8.2.0-2.31.1/compilers_and_libraries_2019.1.144/linux/tbb/lib/intel64/gcc4.4;/apps/software/icc/2019.1.144-GCC-8.2.0-2.31.1/compilers_and_libraries_2019.1.144/linux/compiler/lib/intel64]
  implicit fwks: []




Detecting CXX [-std=c++1z] compiler features compiled with the following output:
Change Dir: /scratch/s309876/individualProject/HeatEquation3D/CMakeFiles/CMakeTmp

Run Build Command:"/usr/bin/gmake" "cmTC_b14d0/fast"
/usr/bin/gmake -f CMakeFiles/cmTC_b14d0.dir/build.make CMakeFiles/cmTC_b14d0.dir/build
gmake[1]: Entering directory `/scratch/s309876/individualProject/HeatEquation3D/CMakeFiles/CMakeTmp'
Building CXX object CMakeFiles/cmTC_b14d0.dir/feature_tests.cxx.o
/apps/software/GCCcore/7.3.0/bin/c++    -std=c++1z -o CMakeFiles/cmTC_b14d0.dir/feature_tests.cxx.o -c /scratch/s309876/individualProject/HeatEquation3D/CMakeFiles/feature_tests.cxx
Linking CXX executable cmTC_b14d0
/apps/software/CMake/3.12.1-GCCcore-7.3.0/bin/cmake -E cmake_link_script CMakeFiles/cmTC_b14d0.dir/link.txt --verbose=1
/apps/software/GCCcore/7.3.0/bin/c++       -rdynamic CMakeFiles/cmTC_b14d0.dir/feature_tests.cxx.o  -o cmTC_b14d0 
gmake[1]: Leaving directory `/scratch/s309876/individualProject/HeatEquation3D/CMakeFiles/CMakeTmp'


    Feature record: CXX_FEATURE:1cxx_aggregate_default_initializers
    Feature record: CXX_FEATURE:1cxx_alias_templates
    Feature record: CXX_FEATURE:1cxx_alignas
    Feature record: CXX_FEATURE:1cxx_alignof
    Feature record: CXX_FEATURE:1cxx_attributes
    Feature record: CXX_FEATURE:1cxx_attribute_deprecated
    Feature record: CXX_FEATURE:1cxx_auto_type
    Feature record: CXX_FEATURE:1cxx_binary_literals
    Feature record: CXX_FEATURE:1cxx_constexpr
    Feature record: CXX_FEATURE:1cxx_contextual_conversions
    Feature record: CXX_FEATURE:1cxx_decltype
    Feature record: CXX_FEATURE:1cxx_decltype_auto
    Feature record: CXX_FEATURE:1cxx_decltype_incomplete_return_types
    Feature record: CXX_FEATURE:1cxx_default_function_template_args
    Feature record: CXX_FEATURE:1cxx_defaulted_functions
    Feature record: CXX_FEATURE:1cxx_defaulted_move_initializers
    Feature record: CXX_FEATURE:1cxx_delegating_constructors
    Feature record: CXX_FEATURE:1cxx_deleted_functions
    Feature record: CXX_FEATURE:1cxx_digit_separators
    Feature record: CXX_FEATURE:1cxx_enum_forward_declarations
    Feature record: CXX_FEATURE:1cxx_explicit_conversions
    Feature record: CXX_FEATURE:1cxx_extended_friend_declarations
    Feature record: CXX_FEATURE:1cxx_extern_templates
    Feature record: CXX_FEATURE:1cxx_final
    Feature record: CXX_FEATURE:1cxx_func_identifier
    Feature record: CXX_FEATURE:1cxx_generalized_initializers
    Feature record: CXX_FEATURE:1cxx_generic_lambdas
    Feature record: CXX_FEATURE:1cxx_inheriting_constructors
    Feature record: CXX_FEATURE:1cxx_inline_namespaces
    Feature record: CXX_FEATURE:1cxx_lambdas
    Feature record: CXX_FEATURE:1cxx_lambda_init_captures
    Feature record: CXX_FEATURE:1cxx_local_type_template_args
    Feature record: CXX_FEATURE:1cxx_long_long_type
    Feature record: CXX_FEATURE:1cxx_noexcept
    Feature record: CXX_FEATURE:1cxx_nonstatic_member_init
    Feature record: CXX_FEATURE:1cxx_nullptr
    Feature record: CXX_FEATURE:1cxx_override
    Feature record: CXX_FEATURE:1cxx_range_for
    Feature record: CXX_FEATURE:1cxx_raw_string_literals
    Feature record: CXX_FEATURE:1cxx_reference_qualified_functions
    Feature record: CXX_FEATURE:1cxx_relaxed_constexpr
    Feature record: CXX_FEATURE:1cxx_return_type_deduction
    Feature record: CXX_FEATURE:1cxx_right_angle_brackets
    Feature record: CXX_FEATURE:1cxx_rvalue_references
    Feature record: CXX_FEATURE:1cxx_sizeof_member
    Feature record: CXX_FEATURE:1cxx_static_assert
    Feature record: CXX_FEATURE:1cxx_strong_enums
    Feature record: CXX_FEATURE:1cxx_template_template_parameters
    Feature record: CXX_FEATURE:1cxx_thread_local
    Feature record: CXX_FEATURE:1cxx_trailing_return_types
    Feature record: CXX_FEATURE:1cxx_unicode_literals
    Feature record: CXX_FEATURE:1cxx_uniform_initialization
    Feature record: CXX_FEATURE:1cxx_unrestricted_unions
    Feature record: CXX_FEATURE:1cxx_user_literals
    Feature record: CXX_FEATURE:1cxx_variable_templates
    Feature record: CXX_FEATURE:1cxx_variadic_macros
    Feature record: CXX_FEATURE:1cxx_variadic_templates


Detecting CXX [-std=c++14] compiler features compiled with the following output:
Change Dir: /scratch/s309876/individualProject/HeatEquation3D/CMakeFiles/CMakeTmp

Run Build Command:"/usr/bin/gmake" "cmTC_35cee/fast"
/usr/bin/gmake -f CMakeFiles/cmTC_35cee.dir/build.make CMakeFiles/cmTC_35cee.dir/build
gmake[1]: Entering directory `/scratch/s309876/individualProject/HeatEquation3D/CMakeFiles/CMakeTmp'
Building CXX object CMakeFiles/cmTC_35cee.dir/feature_tests.cxx.o
/apps/software/GCCcore/7.3.0/bin/c++    -std=c++14 -o CMakeFiles/cmTC_35cee.dir/feature_tests.cxx.o -c /scratch/s309876/individualProject/HeatEquation3D/CMakeFiles/feature_tests.cxx
Linking CXX executable cmTC_35cee
/apps/software/CMake/3.12.1-GCCcore-7.3.0/bin/cmake -E cmake_link_script CMakeFiles/cmTC_35cee.dir/link.txt --verbose=1
/apps/software/GCCcore/7.3.0/bin/c++       -rdynamic CMakeFiles/cmTC_35cee.dir/feature_tests.cxx.o  -o cmTC_35cee 
gmake[1]: Leaving directory `/scratch/s309876/individualProject/HeatEquation3D/CMakeFiles/CMakeTmp'


    Feature record: CXX_FEATURE:1cxx_aggregate_default_initializers
    Feature record: CXX_FEATURE:1cxx_alias_templates
    Feature record: CXX_FEATURE:1cxx_alignas
    Feature record: CXX_FEATURE:1cxx_alignof
    Feature record: CXX_FEATURE:1cxx_attributes
    Feature record: CXX_FEATURE:1cxx_attribute_deprecated
    Feature record: CXX_FEATURE:1cxx_auto_type
    Feature record: CXX_FEATURE:1cxx_binary_literals
    Feature record: CXX_FEATURE:1cxx_constexpr
    Feature record: CXX_FEATURE:1cxx_contextual_conversions
    Feature record: CXX_FEATURE:1cxx_decltype
    Feature record: CXX_FEATURE:1cxx_decltype_auto
    Feature record: CXX_FEATURE:1cxx_decltype_incomplete_return_types
    Feature record: CXX_FEATURE:1cxx_default_function_template_args
    Feature record: CXX_FEATURE:1cxx_defaulted_functions
    Feature record: CXX_FEATURE:1cxx_defaulted_move_initializers
    Feature record: CXX_FEATURE:1cxx_delegating_constructors
    Feature record: CXX_FEATURE:1cxx_deleted_functions
    Feature record: CXX_FEATURE:1cxx_digit_separators
    Feature record: CXX_FEATURE:1cxx_enum_forward_declarations
    Feature record: CXX_FEATURE:1cxx_explicit_conversions
    Feature record: CXX_FEATURE:1cxx_extended_friend_declarations
    Feature record: CXX_FEATURE:1cxx_extern_templates
    Feature record: CXX_FEATURE:1cxx_final
    Feature record: CXX_FEATURE:1cxx_func_identifier
    Feature record: CXX_FEATURE:1cxx_generalized_initializers
    Feature record: CXX_FEATURE:1cxx_generic_lambdas
    Feature record: CXX_FEATURE:1cxx_inheriting_constructors
    Feature record: CXX_FEATURE:1cxx_inline_namespaces
    Feature record: CXX_FEATURE:1cxx_lambdas
    Feature record: CXX_FEATURE:1cxx_lambda_init_captures
    Feature record: CXX_FEATURE:1cxx_local_type_template_args
    Feature record: CXX_FEATURE:1cxx_long_long_type
    Feature record: CXX_FEATURE:1cxx_noexcept
    Feature record: CXX_FEATURE:1cxx_nonstatic_member_init
    Feature record: CXX_FEATURE:1cxx_nullptr
    Feature record: CXX_FEATURE:1cxx_override
    Feature record: CXX_FEATURE:1cxx_range_for
    Feature record: CXX_FEATURE:1cxx_raw_string_literals
    Feature record: CXX_FEATURE:1cxx_reference_qualified_functions
    Feature record: CXX_FEATURE:1cxx_relaxed_constexpr
    Feature record: CXX_FEATURE:1cxx_return_type_deduction
    Feature record: CXX_FEATURE:1cxx_right_angle_brackets
    Feature record: CXX_FEATURE:1cxx_rvalue_references
    Feature record: CXX_FEATURE:1cxx_sizeof_member
    Feature record: CXX_FEATURE:1cxx_static_assert
    Feature record: CXX_FEATURE:1cxx_strong_enums
    Feature record: CXX_FEATURE:1cxx_template_template_parameters
    Feature record: CXX_FEATURE:1cxx_thread_local
    Feature record: CXX_FEATURE:1cxx_trailing_return_types
    Feature record: CXX_FEATURE:1cxx_unicode_literals
    Feature record: CXX_FEATURE:1cxx_uniform_initialization
    Feature record: CXX_FEATURE:1cxx_unrestricted_unions
    Feature record: CXX_FEATURE:1cxx_user_literals
    Feature record: CXX_FEATURE:1cxx_variable_templates
    Feature record: CXX_FEATURE:1cxx_variadic_macros
    Feature record: CXX_FEATURE:1cxx_variadic_templates


Detecting CXX [-std=c++11] compiler features compiled with the following output:
Change Dir: /scratch/s309876/individualProject/HeatEquation3D/CMakeFiles/CMakeTmp

Run Build Command:"/usr/bin/gmake" "cmTC_589ba/fast"
/usr/bin/gmake -f CMakeFiles/cmTC_589ba.dir/build.make CMakeFiles/cmTC_589ba.dir/build
gmake[1]: Entering directory `/scratch/s309876/individualProject/HeatEquation3D/CMakeFiles/CMakeTmp'
Building CXX object CMakeFiles/cmTC_589ba.dir/feature_tests.cxx.o
/apps/software/GCCcore/7.3.0/bin/c++    -std=c++11 -o CMakeFiles/cmTC_589ba.dir/feature_tests.cxx.o -c /scratch/s309876/individualProject/HeatEquation3D/CMakeFiles/feature_tests.cxx
Linking CXX executable cmTC_589ba
/apps/software/CMake/3.12.1-GCCcore-7.3.0/bin/cmake -E cmake_link_script CMakeFiles/cmTC_589ba.dir/link.txt --verbose=1
/apps/software/GCCcore/7.3.0/bin/c++       -rdynamic CMakeFiles/cmTC_589ba.dir/feature_tests.cxx.o  -o cmTC_589ba 
gmake[1]: Leaving directory `/scratch/s309876/individualProject/HeatEquation3D/CMakeFiles/CMakeTmp'


    Feature record: CXX_FEATURE:0cxx_aggregate_default_initializers
    Feature record: CXX_FEATURE:1cxx_alias_templates
    Feature record: CXX_FEATURE:1cxx_alignas
    Feature record: CXX_FEATURE:1cxx_alignof
    Feature record: CXX_FEATURE:1cxx_attributes
    Feature record: CXX_FEATURE:0cxx_attribute_deprecated
    Feature record: CXX_FEATURE:1cxx_auto_type
    Feature record: CXX_FEATURE:0cxx_binary_literals
    Feature record: CXX_FEATURE:1cxx_constexpr
    Feature record: CXX_FEATURE:0cxx_contextual_conversions
    Feature record: CXX_FEATURE:1cxx_decltype
    Feature record: CXX_FEATURE:0cxx_decltype_auto
    Feature record: CXX_FEATURE:1cxx_decltype_incomplete_return_types
    Feature record: CXX_FEATURE:1cxx_default_function_template_args
    Feature record: CXX_FEATURE:1cxx_defaulted_functions
    Feature record: CXX_FEATURE:1cxx_defaulted_move_initializers
    Feature record: CXX_FEATURE:1cxx_delegating_constructors
    Feature record: CXX_FEATURE:1cxx_deleted_functions
    Feature record: CXX_FEATURE:0cxx_digit_separators
    Feature record: CXX_FEATURE:1cxx_enum_forward_declarations
    Feature record: CXX_FEATURE:1cxx_explicit_conversions
    Feature record: CXX_FEATURE:1cxx_extended_friend_declarations
    Feature record: CXX_FEATURE:1cxx_extern_templates
    Feature record: CXX_FEATURE:1cxx_final
    Feature record: CXX_FEATURE:1cxx_func_identifier
    Feature record: CXX_FEATURE:1cxx_generalized_initializers
    Feature record: CXX_FEATURE:0cxx_generic_lambdas
    Feature record: CXX_FEATURE:1cxx_inheriting_constructors
    Feature record: CXX_FEATURE:1cxx_inline_namespaces
    Feature record: CXX_FEATURE:1cxx_lambdas
    Feature record: CXX_FEATURE:0cxx_lambda_init_captures
    Feature record: CXX_FEATURE:1cxx_local_type_template_args
    Feature record: CXX_FEATURE:1cxx_long_long_type
    Feature record: CXX_FEATURE:1cxx_noexcept
    Feature record: CXX_FEATURE:1cxx_nonstatic_member_init
    Feature record: CXX_FEATURE:1cxx_nullptr
    Feature record: CXX_FEATURE:1cxx_override
    Feature record: CXX_FEATURE:1cxx_range_for
    Feature record: CXX_FEATURE:1cxx_raw_string_literals
    Feature record: CXX_FEATURE:1cxx_reference_qualified_functions
    Feature record: CXX_FEATURE:0cxx_relaxed_constexpr
    Feature record: CXX_FEATURE:0cxx_return_type_deduction
    Feature record: CXX_FEATURE:1cxx_right_angle_brackets
    Feature record: CXX_FEATURE:1cxx_rvalue_references
    Feature record: CXX_FEATURE:1cxx_sizeof_member
    Feature record: CXX_FEATURE:1cxx_static_assert
    Feature record: CXX_FEATURE:1cxx_strong_enums
    Feature record: CXX_FEATURE:1cxx_template_template_parameters
    Feature record: CXX_FEATURE:1cxx_thread_local
    Feature record: CXX_FEATURE:1cxx_trailing_return_types
    Feature record: CXX_FEATURE:1cxx_unicode_literals
    Feature record: CXX_FEATURE:1cxx_uniform_initialization
    Feature record: CXX_FEATURE:1cxx_unrestricted_unions
    Feature record: CXX_FEATURE:1cxx_user_literals
    Feature record: CXX_FEATURE:0cxx_variable_templates
    Feature record: CXX_FEATURE:1cxx_variadic_macros
    Feature record: CXX_FEATURE:1cxx_variadic_templates


Detecting CXX [-std=c++98] compiler features compiled with the following output:
Change Dir: /scratch/s309876/individualProject/HeatEquation3D/CMakeFiles/CMakeTmp

Run Build Command:"/usr/bin/gmake" "cmTC_352bf/fast"
/usr/bin/gmake -f CMakeFiles/cmTC_352bf.dir/build.make CMakeFiles/cmTC_352bf.dir/build
gmake[1]: Entering directory `/scratch/s309876/individualProject/HeatEquation3D/CMakeFiles/CMakeTmp'
Building CXX object CMakeFiles/cmTC_352bf.dir/feature_tests.cxx.o
/apps/software/GCCcore/7.3.0/bin/c++    -std=c++98 -o CMakeFiles/cmTC_352bf.dir/feature_tests.cxx.o -c /scratch/s309876/individualProject/HeatEquation3D/CMakeFiles/feature_tests.cxx
Linking CXX executable cmTC_352bf
/apps/software/CMake/3.12.1-GCCcore-7.3.0/bin/cmake -E cmake_link_script CMakeFiles/cmTC_352bf.dir/link.txt --verbose=1
/apps/software/GCCcore/7.3.0/bin/c++       -rdynamic CMakeFiles/cmTC_352bf.dir/feature_tests.cxx.o  -o cmTC_352bf 
gmake[1]: Leaving directory `/scratch/s309876/individualProject/HeatEquation3D/CMakeFiles/CMakeTmp'


    Feature record: CXX_FEATURE:0cxx_aggregate_default_initializers
    Feature record: CXX_FEATURE:0cxx_alias_templates
    Feature record: CXX_FEATURE:0cxx_alignas
    Feature record: CXX_FEATURE:0cxx_alignof
    Feature record: CXX_FEATURE:0cxx_attributes
    Feature record: CXX_FEATURE:0cxx_attribute_deprecated
    Feature record: CXX_FEATURE:0cxx_auto_type
    Feature record: CXX_FEATURE:0cxx_binary_literals
    Feature record: CXX_FEATURE:0cxx_constexpr
    Feature record: CXX_FEATURE:0cxx_contextual_conversions
    Feature record: CXX_FEATURE:0cxx_decltype
    Feature record: CXX_FEATURE:0cxx_decltype_auto
    Feature record: CXX_FEATURE:0cxx_decltype_incomplete_return_types
    Feature record: CXX_FEATURE:0cxx_default_function_template_args
    Feature record: CXX_FEATURE:0cxx_defaulted_functions
    Feature record: CXX_FEATURE:0cxx_defaulted_move_initializers
    Feature record: CXX_FEATURE:0cxx_delegating_constructors
    Feature record: CXX_FEATURE:0cxx_deleted_functions
    Feature record: CXX_FEATURE:0cxx_digit_separators
    Feature record: CXX_FEATURE:0cxx_enum_forward_declarations
    Feature record: CXX_FEATURE:0cxx_explicit_conversions
    Feature record: CXX_FEATURE:0cxx_extended_friend_declarations
    Feature record: CXX_FEATURE:0cxx_extern_templates
    Feature record: CXX_FEATURE:0cxx_final
    Feature record: CXX_FEATURE:0cxx_func_identifier
    Feature record: CXX_FEATURE:0cxx_generalized_initializers
    Feature record: CXX_FEATURE:0cxx_generic_lambdas
    Feature record: CXX_FEATURE:0cxx_inheriting_constructors
    Feature record: CXX_FEATURE:0cxx_inline_namespaces
    Feature record: CXX_FEATURE:0cxx_lambdas
    Feature record: CXX_FEATURE:0cxx_lambda_init_captures
    Feature record: CXX_FEATURE:0cxx_local_type_template_args
    Feature record: CXX_FEATURE:0cxx_long_long_type
    Feature record: CXX_FEATURE:0cxx_noexcept
    Feature record: CXX_FEATURE:0cxx_nonstatic_member_init
    Feature record: CXX_FEATURE:0cxx_nullptr
    Feature record: CXX_FEATURE:0cxx_override
    Feature record: CXX_FEATURE:0cxx_range_for
    Feature record: CXX_FEATURE:0cxx_raw_string_literals
    Feature record: CXX_FEATURE:0cxx_reference_qualified_functions
    Feature record: CXX_FEATURE:0cxx_relaxed_constexpr
    Feature record: CXX_FEATURE:0cxx_return_type_deduction
    Feature record: CXX_FEATURE:0cxx_right_angle_brackets
    Feature record: CXX_FEATURE:0cxx_rvalue_references
    Feature record: CXX_FEATURE:0cxx_sizeof_member
    Feature record: CXX_FEATURE:0cxx_static_assert
    Feature record: CXX_FEATURE:0cxx_strong_enums
    Feature record: CXX_FEATURE:1cxx_template_template_parameters
    Feature record: CXX_FEATURE:0cxx_thread_local
    Feature record: CXX_FEATURE:0cxx_trailing_return_types
    Feature record: CXX_FEATURE:0cxx_unicode_literals
    Feature record: CXX_FEATURE:0cxx_uniform_initialization
    Feature record: CXX_FEATURE:0cxx_unrestricted_unions
    Feature record: CXX_FEATURE:0cxx_user_literals
    Feature record: CXX_FEATURE:0cxx_variable_templates
    Feature record: CXX_FEATURE:0cxx_variadic_macros
    Feature record: CXX_FEATURE:0cxx_variadic_templates
Determining if the include file pthread.h exists passed with the following output:
Change Dir: /scratch/s309876/individualProject/HeatEquation3D/CMakeFiles/CMakeTmp

Run Build Command:"/usr/bin/gmake" "cmTC_0b9c0/fast"
/usr/bin/gmake -f CMakeFiles/cmTC_0b9c0.dir/build.make CMakeFiles/cmTC_0b9c0.dir/build
gmake[1]: Entering directory `/scratch/s309876/individualProject/HeatEquation3D/CMakeFiles/CMakeTmp'
Building C object CMakeFiles/cmTC_0b9c0.dir/CheckIncludeFile.c.o
/apps/software/GCCcore/7.3.0/bin/cc   -fPIC    -o CMakeFiles/cmTC_0b9c0.dir/CheckIncludeFile.c.o   -c /scratch/s309876/individualProject/HeatEquation3D/CMakeFiles/CMakeTmp/CheckIncludeFile.c
Linking C executable cmTC_0b9c0
/apps/software/CMake/3.12.1-GCCcore-7.3.0/bin/cmake -E cmake_link_script CMakeFiles/cmTC_0b9c0.dir/link.txt --verbose=1
/apps/software/GCCcore/7.3.0/bin/cc -fPIC     -rdynamic CMakeFiles/cmTC_0b9c0.dir/CheckIncludeFile.c.o  -o cmTC_0b9c0 
gmake[1]: Leaving directory `/scratch/s309876/individualProject/HeatEquation3D/CMakeFiles/CMakeTmp'


Determining if the function pthread_create exists in the pthread passed with the following output:
Change Dir: /scratch/s309876/individualProject/HeatEquation3D/CMakeFiles/CMakeTmp

Run Build Command:"/usr/bin/gmake" "cmTC_b752f/fast"
/usr/bin/gmake -f CMakeFiles/cmTC_b752f.dir/build.make CMakeFiles/cmTC_b752f.dir/build
gmake[1]: Entering directory `/scratch/s309876/individualProject/HeatEquation3D/CMakeFiles/CMakeTmp'
Building C object CMakeFiles/cmTC_b752f.dir/CheckFunctionExists.c.o
/apps/software/GCCcore/7.3.0/bin/cc   -fPIC -DCHECK_FUNCTION_EXISTS=pthread_create   -o CMakeFiles/cmTC_b752f.dir/CheckFunctionExists.c.o   -c /apps/software/CMake/3.12.1-GCCcore-7.3.0/share/cmake-3.12/Modules/CheckFunctionExists.c
Linking C executable cmTC_b752f
/apps/software/CMake/3.12.1-GCCcore-7.3.0/bin/cmake -E cmake_link_script CMakeFiles/cmTC_b752f.dir/link.txt --verbose=1
/apps/software/GCCcore/7.3.0/bin/cc -fPIC -DCHECK_FUNCTION_EXISTS=pthread_create    -rdynamic CMakeFiles/cmTC_b752f.dir/CheckFunctionExists.c.o  -o cmTC_b752f -lpthread 
gmake[1]: Leaving directory `/scratch/s309876/individualProject/HeatEquation3D/CMakeFiles/CMakeTmp'


