Determining if the pthread_create exist failed with the following output:
Change Dir: /scratch/s309876/individualProject/HeatEquation3D/CMakeFiles/CMakeTmp

Run Build Command:"/usr/bin/gmake" "cmTC_a543d/fast"
/usr/bin/gmake -f CMakeFiles/cmTC_a543d.dir/build.make CMakeFiles/cmTC_a543d.dir/build
gmake[1]: Entering directory `/scratch/s309876/individualProject/HeatEquation3D/CMakeFiles/CMakeTmp'
Building C object CMakeFiles/cmTC_a543d.dir/CheckSymbolExists.c.o
/apps/software/GCCcore/7.3.0/bin/cc   -fPIC    -o CMakeFiles/cmTC_a543d.dir/CheckSymbolExists.c.o   -c /scratch/s309876/individualProject/HeatEquation3D/CMakeFiles/CMakeTmp/CheckSymbolExists.c
Linking C executable cmTC_a543d
/apps/software/CMake/3.12.1-GCCcore-7.3.0/bin/cmake -E cmake_link_script CMakeFiles/cmTC_a543d.dir/link.txt --verbose=1
/apps/software/GCCcore/7.3.0/bin/cc -fPIC     -rdynamic CMakeFiles/cmTC_a543d.dir/CheckSymbolExists.c.o  -o cmTC_a543d 
CMakeFiles/cmTC_a543d.dir/CheckSymbolExists.c.o:CheckSymbolExists.c:function main: error: undefined reference to 'pthread_create'
collect2: error: ld returned 1 exit status
gmake[1]: *** [cmTC_a543d] Error 1
gmake[1]: Leaving directory `/scratch/s309876/individualProject/HeatEquation3D/CMakeFiles/CMakeTmp'
gmake: *** [cmTC_a543d/fast] Error 2

File /scratch/s309876/individualProject/HeatEquation3D/CMakeFiles/CMakeTmp/CheckSymbolExists.c:
/* */
#include <pthread.h>

int main(int argc, char** argv)
{
  (void)argv;
#ifndef pthread_create
  return ((int*)(&pthread_create))[argc];
#else
  (void)argc;
  return 0;
#endif
}

Determining if the function pthread_create exists in the pthreads failed with the following output:
Change Dir: /scratch/s309876/individualProject/HeatEquation3D/CMakeFiles/CMakeTmp

Run Build Command:"/usr/bin/gmake" "cmTC_7d655/fast"
/usr/bin/gmake -f CMakeFiles/cmTC_7d655.dir/build.make CMakeFiles/cmTC_7d655.dir/build
gmake[1]: Entering directory `/scratch/s309876/individualProject/HeatEquation3D/CMakeFiles/CMakeTmp'
Building C object CMakeFiles/cmTC_7d655.dir/CheckFunctionExists.c.o
/apps/software/GCCcore/7.3.0/bin/cc   -fPIC -DCHECK_FUNCTION_EXISTS=pthread_create   -o CMakeFiles/cmTC_7d655.dir/CheckFunctionExists.c.o   -c /apps/software/CMake/3.12.1-GCCcore-7.3.0/share/cmake-3.12/Modules/CheckFunctionExists.c
Linking C executable cmTC_7d655
/apps/software/CMake/3.12.1-GCCcore-7.3.0/bin/cmake -E cmake_link_script CMakeFiles/cmTC_7d655.dir/link.txt --verbose=1
/apps/software/GCCcore/7.3.0/bin/cc -fPIC -DCHECK_FUNCTION_EXISTS=pthread_create    -rdynamic CMakeFiles/cmTC_7d655.dir/CheckFunctionExists.c.o  -o cmTC_7d655 -lpthreads 
/apps/software/binutils/2.30-GCCcore-7.3.0/bin/ld.gold: error: cannot find -lpthreads
CMakeFiles/cmTC_7d655.dir/CheckFunctionExists.c.o:CheckFunctionExists.c:function main: error: undefined reference to 'pthread_create'
collect2: error: ld returned 1 exit status
gmake[1]: *** [cmTC_7d655] Error 1
gmake[1]: Leaving directory `/scratch/s309876/individualProject/HeatEquation3D/CMakeFiles/CMakeTmp'
gmake: *** [cmTC_7d655/fast] Error 2


